1718992546208	geckodriver	INFO	Listening on 127.0.0.1:54259
1718992549279	mozrunner::runner	INFO	Running command: "C:\\Program Files\\Mozilla Firefox\\firefox.exe" "--marionette" "-no-remote" "-profile" "C:\\Users\\matutino\\AppData\\Local\\Temp\\rust_mozprofilesRXyEi"
console.warn: services.settings: Ignoring preference override of remote settings server
console.warn: services.settings: Allow by setting MOZ_REMOTE_SETTINGS_DEVTOOLS=1 in the environment
1718992559803	Marionette	INFO	Marionette enabled
Dynamically enable window occlusion 0
1718992559967	Marionette	INFO	Listening on port 54270
Read port: 54270
1718992560253	RemoteAgent	WARN	TLS certificate errors will be ignored for this session
JavaScript error: https://www.botcity.dev/, line 22: ReferenceError: Weglot is not defined
JavaScript error: https://herotofutags.com/sticky/v1.js, line 1: TypeError: window.herotofu is undefined
JavaScript error: https://cdnjs.cloudflare.com/ajax/libs/mixitup/3.3.0/mixitup.min.js, line 16: Error: [MixItUp] An invalid selector or element reference was passed to the mixitup factory function
JavaScript error: https://www.botcity.dev/, line 311: SyntaxError: redeclaration of const containerEl
1718992571136	Marionette	INFO	Stopped listening on port 54270
JavaScript warning: https://cdn.prod.website-files.com/6487203eebdb29c0fff6af27/js/webflow.d23a5bd83.js, line 23: Script terminated by timeout at:
L$@https://cdn.prod.website-files.com/6487203eebdb29c0fff6af27/js/webflow.d23a5bd83.js:23:341458
O$@https://cdn.prod.website-files.com/6487203eebdb29c0fff6af27/js/webflow.d23a5bd83.js:23:341294
Vw@https://cdn.prod.website-files.com/6487203eebdb29c0fff6af27/js/webflow.d23a5bd83.js:23:385789
l@https://cdn.prod.website-files.com/6487203eebdb29c0fff6af27/js/webflow.d23a5bd83.js:23:337479
g@https://cdn.prod.website-files.com/6487203eebdb29c0fff6af27/js/webflow.d23a5bd83.js:23:299999
Vw@https://cdn.prod.website-files.com/6487203eebdb29c0fff6af27/js/webflow.d23a5bd83.js:23:385671
l@https://cdn.prod.website-files.com/6487203eebdb29c0fff6af27/js/webflow.d23a5bd83.js:23:337479
g@https://cdn.prod.website-files.com/6487203eebdb29c0fff6af27/js/webflow.d23a5bd83.js:23:299999
Vw@https://cdn.prod.website-files.com/6487203eebdb29c0fff6af27/js/webflow.d23a5bd83.js:23:385671
l@https://cdn.prod.website-files.com/6487203eebdb29c0fff6af27/js/webflow.d23a5bd83.js:23:337479
g@https://cdn.prod.website-files.com/6487203eebdb29c0fff6af27/js/webflow.d23a5bd83.js:23:299999
r@https://cdn.prod.website-files.com/6487203eebdb29c0fff6af27/js/webflow.d23a5bd83.js:23:377865

Dynamically enable window occlusion 1
1718992650683	geckodriver	INFO	Listening on 127.0.0.1:54329
1718992653773	mozrunner::runner	INFO	Running command: "C:\\Program Files\\Mozilla Firefox\\firefox.exe" "--marionette" "-no-remote" "-profile" "C:\\Users\\matutino\\AppData\\Local\\Temp\\rust_mozprofileImE3tA"
console.warn: services.settings: Ignoring preference override of remote settings server
console.warn: services.settings: Allow by setting MOZ_REMOTE_SETTINGS_DEVTOOLS=1 in the environment
1718992659602	Marionette	INFO	Marionette enabled
Dynamically enable window occlusion 0
1718992659756	Marionette	INFO	Listening on port 54339
Read port: 54339
1718992660018	RemoteAgent	WARN	TLS certificate errors will be ignored for this session
1718992667427	Marionette	INFO	Stopped listening on port 54339
Dynamically enable window occlusion 1
1718992759871	geckodriver	INFO	Listening on 127.0.0.1:54383
1718992762968	mozrunner::runner	INFO	Running command: "C:\\Program Files\\Mozilla Firefox\\firefox.exe" "--marionette" "-no-remote" "-profile" "C:\\Users\\matutino\\AppData\\Local\\Temp\\rust_mozprofilepKR1FR"
console.warn: services.settings: Ignoring preference override of remote settings server
console.warn: services.settings: Allow by setting MOZ_REMOTE_SETTINGS_DEVTOOLS=1 in the environment
1718992768967	Marionette	INFO	Marionette enabled
Dynamically enable window occlusion 0
1718992769306	Marionette	INFO	Listening on port 54393
Read port: 54393
1718992769479	RemoteAgent	WARN	TLS certificate errors will be ignored for this session
1718992777259	Marionette	INFO	Stopped listening on port 54393
Dynamically enable window occlusion 1
1718993035548	geckodriver	INFO	Listening on 127.0.0.1:54449
1718993038628	mozrunner::runner	INFO	Running command: "C:\\Program Files\\Mozilla Firefox\\firefox.exe" "--marionette" "-no-remote" "-profile" "C:\\Users\\matutino\\AppData\\Local\\Temp\\rust_mozprofiledxQeH2"
console.warn: services.settings: Ignoring preference override of remote settings server
console.warn: services.settings: Allow by setting MOZ_REMOTE_SETTINGS_DEVTOOLS=1 in the environment
1718993044672	Marionette	INFO	Marionette enabled
Dynamically enable window occlusion 0
1718993045009	Marionette	INFO	Listening on port 54459
Read port: 54459
1718993045181	RemoteAgent	WARN	TLS certificate errors will be ignored for this session
1718993053668	Marionette	INFO	Stopped listening on port 54459
JavaScript warning: https://www.google.com/xjs/_/js/k=xjs.hd.en.v8okzpUwRSo.O/ck=xjs.hd.lW2yM_Kk9kk.L.F4.O/am=ALYAAAAAAAAAAwAAAAAAAAAAAAAAAABAAAAgAAAAAAAgBdBADgAoADYAAAAAEAAAAABCAAAoAIAS4AAAQoACAJAAAACBIACPMgEACMgECAABigASQEEgBwgAAETAMAyAVABgAAAAABBABAAAwADcGAABAAAQARDAAwgAQIAOBAxAAQQIAjLAQAAAEAAAAIA8AAgOgEEKAgAAAAAAAAAAAAAACGCCYC4kICCAAAAAAAAAAAAAAAAAAFLSiYUJ/d=1/exm=SNUn3,cEt90b,cdos,csi,d,dtl0hd,eHDfl,hsm,jsa,mb4ZUb,qddgKe,sTsDMc/ed=1/dg=0/ujg=1/rs=ACT90oGk2txq3V8JhF0yGnM0QUnqkeXStw/ee=ALeJib:B8gLwd;AfeaP:TkrAjf;BMxAGc:E5bFse;BgS6mb:fidj5d;BjwMce:cXX2Wb;CxXAWb:YyRLvc;DM55c:imLrKe;DULqB:RKfG5c;Dkk6ge:wJqrrd;DpcR3d:zL72xf;EABSZ:MXZt9d;ESrPQc:mNTJvc;EVNhjf:pw70Gc;EmZ2Bf:zr1jrb;EnlcNd:WeHg4;Erl4fe:FloWmf;F9mqte:UoRcbe;Fmv9Nc:O1Tzwc;G0KhTb:LIaoZ;G6wU6e:hezEbd;GleZL:J1A7Od;HMDDWe:G8QUdb;HoYVKb:PkDN7e;HqeXPd:cmbnH;IBADCc:RYquRb;IZrNqe:P8ha2c;IoGlCf:b5lhvb;IsdWVc:qzxzOb;JXS8fb:Qj0suc;JbMT3:M25sS;JsbNhc:Xd8iUd;KOxcK:OZqGte;KQzWid:ZMKkN;KcokUb:KiuZBf;KpRAue:Tia57b;LBgRLc:SdcwHb,XVMNvd;LEikZe:byfTOb,lsjVmc;LsNahb:ucGLNb;Me32dd:MEeYgc;NPKaK:SdcwHb;NSEoX:lazG7b;Np8Qkd:Dpx6qc;Nyt6ic:jn2sGd;OgagBe:cNTe0;Oj465e:KG2eXe;OohIYe:mpEAQb;Pjplud:EEDORb,PoEs9b;Q1Ow7b:x5CSu;Q6C5kf:pfdZCe;QGR0gd:Mlhmy;R2kc8b:ALJqWb;R4IIIb:QWfeKf;R9Ulx:CR7Ufe;RDNBlf:zPRCJb;SLtqO:Kh1xYe;SMDL4c:fTfGO;SNUn3:ZwDk9d,x8cHvb;ShpF6e:N0pvGc;TxfV6d:YORN0b;U96pRd:FsR04;UBKJZ:LGDJGb;UDrY1c:eps46d;UVmjEd:EesRsb;UyG7Kb:wQd0G;V2HTTe:RolTY;VGRfx:VFqbr;VN6jIc:ddQyuf;VOcgDe:YquhTb;VsAqSb:PGf2Re;VxQ32b:k0XsBb;WCEKNd:I46Hvd;WDGyFe:jcVOxd;Wfmdue:g3MJlb;XUezZ:sa7lqb;YV5bee:IvPZ6d;YkQtAf:rx8ur;ZMvdv:PHFPjb;ZSH6tc:QAvyLe;ZWEUA:afR4Cf;a56pNe:JEfCwb;aAJE9c:WHW6Ef;aCJ9tf:qKftvc;aZ61od:arTwJ;af0EJf:ghinId;bDXwRe:UsyOtc;bcPXSc:gSZLJb;cEt90b:ws9Tlc;cFTWae:gT8qnd;coJ8e:KvoW8;dIoSBb:ZgGg9b;dLlj2:Qqt3Gf;daB6be:lMxGPd;dtl0hd:lLQWFe;eBAeSb:Ck63tb;eBZ5Nd:VruDBd;eHDfl:ofjVkb;eO3lse:nFClrf;euOXY:OZjbQ;g8nkx:U4MzKc;gaub4:TN6bMe;gtVSi:ekUOYd;h3MYod:cEt90b;hK67qb:QWEO5b;heHB1:sFczq;hjRo6e:F62sG;hsLsYc:Vl118;iFQyKf:QIhFr,vfuNJf;imqimf:jKGL2e;io8t5d:sgY6Zb;jY0zg:Q6tNgc;k2Qxcb:XY51pe;kCQyJ:ueyPK;kMFpHd:OTA3Ae;kbAm9d:MkHyGd;lkq0A:JyBE3e;nAFL3:NTMZac,s39S4;nJw4Gd:dPFZH;oGtAuc:sOXFj;oSUNyd:fTfGO;oUlnpc:RagDlc;okUaUd:wItadb;pKJiXd:VCenhc;pNsl2d:j9Yuyc;pXdRYb:JKoKVe;pj82le:mg5CW;qZx2Fc:j0xrE;qaS3gd:yiLg6e;qavrXe:zQzcXe;qddgKe:d7YSfd,x4FYXe;rQSrae:C6D5Fc;sP4Vbe:VwDzFe;sTsDMc:kHVSUb;sZmdvc:rdGEfc;tH4IIe:Ymry6;tosKvd:ZCqP3;trZL0b:qY8PFe;uY49fb:COQbmf;uknmt:GkPrzb;uuQkY:u2V3ud;vGrMZ:lPJJ0c;vfVwPd:lcrkwe;w3bZCb:ZPGaIb;w4rSdf:XKiZ9;w9w86d:dt4g2b;wQlYve:aLUfP;wR5FRb:O1Gjze,TtcOte;wV5Pjc:L8KGxe;whEZac:F4AmNb;xBbsrc:NEW1Qc;ysNiMc:CpIBjd;yxTchf:KUM7Z;z97YGf:oug9te;zOsCQe:Ko78Df;zaIgPb:Qtpxbd/m=B2qlPe,DhPYme,GU4Gab,MpJwZc,NzU6V,UUJqVe,Wo3n8,aa,abd,async,epYOx,ms4mZb,pHXghd,q0xTif,s39S4,sOXFj,sb_wiz,sf,spch?xjs=s1, line 27: Script terminated by timeout at:
bXb/<@https://www.google.com/xjs/_/js/k=xjs.hd.en.v8okzpUwRSo.O/ck=xjs.hd.lW2yM_Kk9kk.L.F4.O/am=ALYAAAAAAAAAAwAAAAAAAAAAAAAAAABAAAAgAAAAAAAgBdBADgAoADYAAAAAEAAAAABCAAAoAIAS4AAAQoACAJAAAACBIACPMgEACMgECAABigASQEEgBwgAAETAMAyAVABgAAAAABBABAAAwADcGAABAAAQARDAAwgAQIAOBAxAAQQIAjLAQAAAEAAAAIA8AAgOgEEKAgAAAAAAAAAAAAAACGCCYC4kICCAAAAAAAAAAAAAAAAAAFLSiYUJ/d=1/exm=SNUn3,cEt90b,cdos,csi,d,dtl0hd,eHDfl,hsm,jsa,mb4ZUb,qddgKe,sTsDMc/ed=1/dg=0/ujg=1/rs=ACT90oGk2txq3V8JhF0yGnM0QUnqkeXStw/ee=ALeJib:B8gLwd;AfeaP:TkrAjf;BMxAGc:E5bFse;BgS6mb:fidj5d;BjwMce:cXX2Wb;CxXAWb:YyRLvc;DM55c:imLrKe;DULqB:RKfG5c;Dkk6ge:wJqrrd;DpcR3d:zL72xf;EABSZ:MXZt9d;ESrPQc:mNTJvc;EVNhjf:pw70Gc;EmZ2Bf:zr1jrb;EnlcNd:WeHg4;Erl4fe:FloWmf;F9mqte:UoRcbe;Fmv9Nc:O1Tzwc;G0KhTb:LIaoZ;G6wU6e:hezEbd;GleZL:J1A7Od;HMDDWe:G8QUdb;HoYVKb:PkDN7e;HqeXPd:cmbnH;IBADCc:RYquRb;IZrNqe:P8ha2c;IoGlCf:b5lhvb;IsdWVc:qzxzOb;JXS8fb:Qj0suc;JbMT3:M25sS;JsbNhc:Xd8iUd;KOxcK:OZqGte;KQzWid:ZMKkN;KcokUb:KiuZBf;KpRAue:Tia57b;LBgRLc:SdcwHb,XVMNvd;LEikZe:byfTOb,lsjVmc;LsNahb:ucGLNb;Me32dd:MEeYgc;NPKaK:SdcwHb;NSEoX:lazG7b;Np8Qkd:Dpx6qc;Nyt6ic:jn2sGd;OgagBe:cNTe0;Oj465e:KG2eXe;OohIYe:mpEAQb;Pjplud:EEDORb,PoEs9b;Q1Ow7b:x5CSu;Q6C5kf:pfdZCe;QGR0gd:Mlhmy;R2kc8b:ALJqWb;R4IIIb:QWfeKf;R9Ulx:CR7Ufe;RDNBlf:zPRCJb;SLtqO:Kh1xYe;SMDL4c:fTfGO;SNUn3:ZwDk9d,x8cHvb;ShpF6e:N0pvGc;TxfV6d:YORN0b;U96pRd:FsR04;UBKJZ:LGDJGb;UDrY1c:eps46d;UVmjEd:EesRsb;UyG7Kb:wQd0G;V2HTTe:RolTY;VGRfx:VFqbr;VN6jIc:ddQyuf;VOcgDe:YquhTb;VsAqSb:PGf2Re;VxQ32b:k0XsBb;WCEKNd:I46Hvd;WDGyFe:jcVOxd;Wfmdue:g3MJlb;XUezZ:sa7lqb;YV5bee:IvPZ6d;YkQtAf:rx8ur;ZMvdv:PHFPjb;ZSH6tc:QAvyLe;ZWEUA:afR4Cf;a56pNe:JEfCwb;aAJE9c:WHW6Ef;aCJ9tf:qKftvc;aZ61od:arTwJ;af0EJf:ghinId;bDXwRe:UsyOtc;bcPXSc:gSZLJb;cEt90b:ws9Tlc;cFTWae:gT8qnd;coJ8e:KvoW8;dIoSBb:ZgGg9b;dLlj2:Qqt3Gf;daB6be:lMxGPd;dtl0hd:lLQWFe;eBAeSb:Ck63tb;eBZ5Nd:VruDBd;eHDfl:ofjVkb;eO3lse:nFClrf;euOXY:OZjbQ;g8nkx:U4MzKc;gaub4:TN6bMe;gtVSi:ekUOYd;h3MYod:cEt90b;hK67qb:QWEO5b;heHB1:sFczq;hjRo6e:F62sG;hsLsYc:Vl118;iFQyKf:QIhFr,vfuNJf;imqimf:jKGL2e;io8t5d:sgY6Zb;jY0zg:Q6tNgc;k2Qxcb:XY51pe;kCQyJ:ueyPK;kMFpHd:OTA3Ae;kbAm9d:MkHyGd;lkq0A:JyBE3e;nAFL3:NTMZac,s39S4;nJw4Gd:dPFZH;oGtAuc:sOXFj;oSUNyd:fTfGO;oUlnpc:RagDlc;okUaUd:wItadb;pKJiXd:VCenhc;pNsl2d:j9Yuyc;pXdRYb:JKoKVe;pj82le:mg5CW;qZx2Fc:j0xrE;qaS3gd:yiLg6e;qavrXe:zQzcXe;qddgKe:d7YSfd,x4FYXe;rQSrae:C6D5Fc;sP4Vbe:VwDzFe;sTsDMc:kHVSUb;sZmdvc:rdGEfc;tH4IIe:Ymry6;tosKvd:ZCqP3;trZL0b:qY8PFe;uY49fb:COQbmf;uknmt:GkPrzb;uuQkY:u2V3ud;vGrMZ:lPJJ0c;vfVwPd:lcrkwe;w3bZCb:ZPGaIb;w4rSdf:XKiZ9;w9w86d:dt4g2b;wQlYve:aLUfP;wR5FRb:O1Gjze,TtcOte;wV5Pjc:L8KGxe;whEZac:F4AmNb;xBbsrc:NEW1Qc;ysNiMc:CpIBjd;yxTchf:KUM7Z;z97YGf:oug9te;zOsCQe:Ko78Df;zaIgPb:Qtpxbd/m=B2qlPe,DhPYme,GU4Gab,MpJwZc,NzU6V,UUJqVe,Wo3n8,aa,abd,async,epYOx,ms4mZb,pHXghd,q0xTif,s39S4,sOXFj,sb_wiz,sf,spch?xjs=s1:27:991

Dynamically enable window occlusion 1
1718993118737	geckodriver	INFO	Listening on 127.0.0.1:54520
1718993121826	mozrunner::runner	INFO	Running command: "C:\\Program Files\\Mozilla Firefox\\firefox.exe" "--marionette" "-no-remote" "-profile" "C:\\Users\\matutino\\AppData\\Local\\Temp\\rust_mozprofileIHiPAu"
console.warn: services.settings: Ignoring preference override of remote settings server
console.warn: services.settings: Allow by setting MOZ_REMOTE_SETTINGS_DEVTOOLS=1 in the environment
1718993132548	Marionette	INFO	Marionette enabled
Dynamically enable window occlusion 0
1718993132725	Marionette	INFO	Listening on port 54531
Read port: 54531
1718993133090	RemoteAgent	WARN	TLS certificate errors will be ignored for this session
1718993141813	Marionette	INFO	Stopped listening on port 54531
Dynamically enable window occlusion 1
1718993207407	geckodriver	INFO	Listening on 127.0.0.1:54576
1718993210478	mozrunner::runner	INFO	Running command: "C:\\Program Files\\Mozilla Firefox\\firefox.exe" "--marionette" "-no-remote" "-profile" "C:\\Users\\matutino\\AppData\\Local\\Temp\\rust_mozprofilecdL69F"
console.warn: services.settings: Ignoring preference override of remote settings server
console.warn: services.settings: Allow by setting MOZ_REMOTE_SETTINGS_DEVTOOLS=1 in the environment
1718993216599	Marionette	INFO	Marionette enabled
Dynamically enable window occlusion 0
1718993216919	Marionette	INFO	Listening on port 54586
Read port: 54586
1718993217083	RemoteAgent	WARN	TLS certificate errors will be ignored for this session
1718993224273	Marionette	INFO	Stopped listening on port 54586
Dynamically enable window occlusion 1
1718993243432	geckodriver	INFO	Listening on 127.0.0.1:54623
1718993246521	mozrunner::runner	INFO	Running command: "C:\\Program Files\\Mozilla Firefox\\firefox.exe" "--marionette" "-no-remote" "-profile" "C:\\Users\\matutino\\AppData\\Local\\Temp\\rust_mozprofile82I44a"
console.warn: services.settings: Ignoring preference override of remote settings server
console.warn: services.settings: Allow by setting MOZ_REMOTE_SETTINGS_DEVTOOLS=1 in the environment
1718993252509	Marionette	INFO	Marionette enabled
Dynamically enable window occlusion 0
1718993252840	Marionette	INFO	Listening on port 54633
Read port: 54633
1718993252999	RemoteAgent	WARN	TLS certificate errors will be ignored for this session
1718993261470	Marionette	INFO	Stopped listening on port 54633
JavaScript warning: https://www.google.com/xjs/_/js/k=xjs.hd.en.v8okzpUwRSo.O/ck=xjs.hd.lW2yM_Kk9kk.L.F4.O/am=ALYAAAAAAAAAAwAAAAAAAAAAAAAAAABAAAAgAAAAAAAgBdBADgAoADYAAAAAEAAAAABCAAAoAIAS4AAAQoACAJAAAACBIACPMgEACMgECAABigASQEEgBwgAAETAMAyAVABgAAAAABBABAAAwADcGAABAAAQARDAAwgAQIAOAAxAAQQIAjLAQAAAEAAAAIA8AAgOgEEKAgAAAAAAAAAAAAAACGCCYC4kICCAAAAAAAAAAAAAAAAAAFLSiYUJ/d=1/exm=SNUn3,cEt90b,cdos,csi,d,dtl0hd,eHDfl,hsm,jsa,mb4ZUb,qddgKe,sTsDMc/ed=1/dg=0/ujg=1/rs=ACT90oGeYKHDjXzwAfQlw2e-3xK3uwwsJg/ee=ALeJib:B8gLwd;AfeaP:TkrAjf;BMxAGc:E5bFse;BgS6mb:fidj5d;BjwMce:cXX2Wb;CxXAWb:YyRLvc;DM55c:imLrKe;DULqB:RKfG5c;Dkk6ge:wJqrrd;DpcR3d:zL72xf;EABSZ:MXZt9d;ESrPQc:mNTJvc;EVNhjf:pw70Gc;EmZ2Bf:zr1jrb;EnlcNd:WeHg4;Erl4fe:FloWmf;F9mqte:UoRcbe;Fmv9Nc:O1Tzwc;G0KhTb:LIaoZ;G6wU6e:hezEbd;GleZL:J1A7Od;HMDDWe:G8QUdb;HoYVKb:PkDN7e;HqeXPd:cmbnH;IBADCc:RYquRb;IZrNqe:P8ha2c;IoGlCf:b5lhvb;IsdWVc:qzxzOb;JXS8fb:Qj0suc;JbMT3:M25sS;JsbNhc:Xd8iUd;KOxcK:OZqGte;KQzWid:ZMKkN;KcokUb:KiuZBf;KpRAue:Tia57b;LBgRLc:SdcwHb,XVMNvd;LEikZe:byfTOb,lsjVmc;LsNahb:ucGLNb;Me32dd:MEeYgc;NPKaK:SdcwHb;NSEoX:lazG7b;Np8Qkd:Dpx6qc;Nyt6ic:jn2sGd;OgagBe:cNTe0;Oj465e:KG2eXe;OohIYe:mpEAQb;Pjplud:EEDORb,PoEs9b;Q1Ow7b:x5CSu;Q6C5kf:pfdZCe;QGR0gd:Mlhmy;R2kc8b:ALJqWb;R4IIIb:QWfeKf;R9Ulx:CR7Ufe;RDNBlf:zPRCJb;SLtqO:Kh1xYe;SMDL4c:fTfGO;SNUn3:ZwDk9d,x8cHvb;ShpF6e:N0pvGc;TxfV6d:YORN0b;U96pRd:FsR04;UBKJZ:LGDJGb;UDrY1c:eps46d;UVmjEd:EesRsb;UyG7Kb:wQd0G;V2HTTe:RolTY;VGRfx:VFqbr;VN6jIc:ddQyuf;VOcgDe:YquhTb;VsAqSb:PGf2Re;VxQ32b:k0XsBb;WCEKNd:I46Hvd;WDGyFe:jcVOxd;Wfmdue:g3MJlb;XUezZ:sa7lqb;YV5bee:IvPZ6d;YkQtAf:rx8ur;ZMvdv:PHFPjb;ZSH6tc:QAvyLe;ZWEUA:afR4Cf;a56pNe:JEfCwb;aAJE9c:WHW6Ef;aCJ9tf:qKftvc;aZ61od:arTwJ;af0EJf:ghinId;bDXwRe:UsyOtc;bcPXSc:gSZLJb;cEt90b:ws9Tlc;cFTWae:gT8qnd;coJ8e:KvoW8;dIoSBb:ZgGg9b;dLlj2:Qqt3Gf;daB6be:lMxGPd;dtl0hd:lLQWFe;eBAeSb:Ck63tb;eBZ5Nd:VruDBd;eHDfl:ofjVkb;eO3lse:nFClrf;euOXY:OZjbQ;g8nkx:U4MzKc;gaub4:TN6bMe;gtVSi:ekUOYd;h3MYod:cEt90b;hK67qb:QWEO5b;heHB1:sFczq;hjRo6e:F62sG;hsLsYc:Vl118;iFQyKf:QIhFr,vfuNJf;imqimf:jKGL2e;io8t5d:sgY6Zb;jY0zg:Q6tNgc;k2Qxcb:XY51pe;kCQyJ:ueyPK;kMFpHd:OTA3Ae;kbAm9d:MkHyGd;lkq0A:JyBE3e;nAFL3:NTMZac,s39S4;nJw4Gd:dPFZH;oGtAuc:sOXFj;oSUNyd:fTfGO;oUlnpc:RagDlc;okUaUd:wItadb;pKJiXd:VCenhc;pNsl2d:j9Yuyc;pXdRYb:JKoKVe;pj82le:mg5CW;qZx2Fc:j0xrE;qaS3gd:yiLg6e;qavrXe:zQzcXe;qddgKe:d7YSfd,x4FYXe;rQSrae:C6D5Fc;sP4Vbe:VwDzFe;sTsDMc:kHVSUb;sZmdvc:rdGEfc;tH4IIe:Ymry6;tosKvd:ZCqP3;trZL0b:qY8PFe;uY49fb:COQbmf;uknmt:GkPrzb;uuQkY:u2V3ud;vGrMZ:lPJJ0c;vfVwPd:lcrkwe;w3bZCb:ZPGaIb;w4rSdf:XKiZ9;w9w86d:dt4g2b;wQlYve:aLUfP;wR5FRb:O1Gjze,TtcOte;wV5Pjc:L8KGxe;whEZac:F4AmNb;xBbsrc:NEW1Qc;ysNiMc:CpIBjd;yxTchf:KUM7Z;z97YGf:oug9te;zOsCQe:Ko78Df;zaIgPb:Qtpxbd/m=B2qlPe,DhPYme,GU4Gab,MpJwZc,NzU6V,UUJqVe,Wo3n8,aa,abd,async,epYOx,ms4mZb,pHXghd,q0xTif,s39S4,sOXFj,sb_wiz,sf,spch?xjs=s1, line 27: Script terminated by timeout at:
bXb/<@https://www.google.com/xjs/_/js/k=xjs.hd.en.v8okzpUwRSo.O/ck=xjs.hd.lW2yM_Kk9kk.L.F4.O/am=ALYAAAAAAAAAAwAAAAAAAAAAAAAAAABAAAAgAAAAAAAgBdBADgAoADYAAAAAEAAAAABCAAAoAIAS4AAAQoACAJAAAACBIACPMgEACMgECAABigASQEEgBwgAAETAMAyAVABgAAAAABBABAAAwADcGAABAAAQARDAAwgAQIAOAAxAAQQIAjLAQAAAEAAAAIA8AAgOgEEKAgAAAAAAAAAAAAAACGCCYC4kICCAAAAAAAAAAAAAAAAAAFLSiYUJ/d=1/exm=SNUn3,cEt90b,cdos,csi,d,dtl0hd,eHDfl,hsm,jsa,mb4ZUb,qddgKe,sTsDMc/ed=1/dg=0/ujg=1/rs=ACT90oGeYKHDjXzwAfQlw2e-3xK3uwwsJg/ee=ALeJib:B8gLwd;AfeaP:TkrAjf;BMxAGc:E5bFse;BgS6mb:fidj5d;BjwMce:cXX2Wb;CxXAWb:YyRLvc;DM55c:imLrKe;DULqB:RKfG5c;Dkk6ge:wJqrrd;DpcR3d:zL72xf;EABSZ:MXZt9d;ESrPQc:mNTJvc;EVNhjf:pw70Gc;EmZ2Bf:zr1jrb;EnlcNd:WeHg4;Erl4fe:FloWmf;F9mqte:UoRcbe;Fmv9Nc:O1Tzwc;G0KhTb:LIaoZ;G6wU6e:hezEbd;GleZL:J1A7Od;HMDDWe:G8QUdb;HoYVKb:PkDN7e;HqeXPd:cmbnH;IBADCc:RYquRb;IZrNqe:P8ha2c;IoGlCf:b5lhvb;IsdWVc:qzxzOb;JXS8fb:Qj0suc;JbMT3:M25sS;JsbNhc:Xd8iUd;KOxcK:OZqGte;KQzWid:ZMKkN;KcokUb:KiuZBf;KpRAue:Tia57b;LBgRLc:SdcwHb,XVMNvd;LEikZe:byfTOb,lsjVmc;LsNahb:ucGLNb;Me32dd:MEeYgc;NPKaK:SdcwHb;NSEoX:lazG7b;Np8Qkd:Dpx6qc;Nyt6ic:jn2sGd;OgagBe:cNTe0;Oj465e:KG2eXe;OohIYe:mpEAQb;Pjplud:EEDORb,PoEs9b;Q1Ow7b:x5CSu;Q6C5kf:pfdZCe;QGR0gd:Mlhmy;R2kc8b:ALJqWb;R4IIIb:QWfeKf;R9Ulx:CR7Ufe;RDNBlf:zPRCJb;SLtqO:Kh1xYe;SMDL4c:fTfGO;SNUn3:ZwDk9d,x8cHvb;ShpF6e:N0pvGc;TxfV6d:YORN0b;U96pRd:FsR04;UBKJZ:LGDJGb;UDrY1c:eps46d;UVmjEd:EesRsb;UyG7Kb:wQd0G;V2HTTe:RolTY;VGRfx:VFqbr;VN6jIc:ddQyuf;VOcgDe:YquhTb;VsAqSb:PGf2Re;VxQ32b:k0XsBb;WCEKNd:I46Hvd;WDGyFe:jcVOxd;Wfmdue:g3MJlb;XUezZ:sa7lqb;YV5bee:IvPZ6d;YkQtAf:rx8ur;ZMvdv:PHFPjb;ZSH6tc:QAvyLe;ZWEUA:afR4Cf;a56pNe:JEfCwb;aAJE9c:WHW6Ef;aCJ9tf:qKftvc;aZ61od:arTwJ;af0EJf:ghinId;bDXwRe:UsyOtc;bcPXSc:gSZLJb;cEt90b:ws9Tlc;cFTWae:gT8qnd;coJ8e:KvoW8;dIoSBb:ZgGg9b;dLlj2:Qqt3Gf;daB6be:lMxGPd;dtl0hd:lLQWFe;eBAeSb:Ck63tb;eBZ5Nd:VruDBd;eHDfl:ofjVkb;eO3lse:nFClrf;euOXY:OZjbQ;g8nkx:U4MzKc;gaub4:TN6bMe;gtVSi:ekUOYd;h3MYod:cEt90b;hK67qb:QWEO5b;heHB1:sFczq;hjRo6e:F62sG;hsLsYc:Vl118;iFQyKf:QIhFr,vfuNJf;imqimf:jKGL2e;io8t5d:sgY6Zb;jY0zg:Q6tNgc;k2Qxcb:XY51pe;kCQyJ:ueyPK;kMFpHd:OTA3Ae;kbAm9d:MkHyGd;lkq0A:JyBE3e;nAFL3:NTMZac,s39S4;nJw4Gd:dPFZH;oGtAuc:sOXFj;oSUNyd:fTfGO;oUlnpc:RagDlc;okUaUd:wItadb;pKJiXd:VCenhc;pNsl2d:j9Yuyc;pXdRYb:JKoKVe;pj82le:mg5CW;qZx2Fc:j0xrE;qaS3gd:yiLg6e;qavrXe:zQzcXe;qddgKe:d7YSfd,x4FYXe;rQSrae:C6D5Fc;sP4Vbe:VwDzFe;sTsDMc:kHVSUb;sZmdvc:rdGEfc;tH4IIe:Ymry6;tosKvd:ZCqP3;trZL0b:qY8PFe;uY49fb:COQbmf;uknmt:GkPrzb;uuQkY:u2V3ud;vGrMZ:lPJJ0c;vfVwPd:lcrkwe;w3bZCb:ZPGaIb;w4rSdf:XKiZ9;w9w86d:dt4g2b;wQlYve:aLUfP;wR5FRb:O1Gjze,TtcOte;wV5Pjc:L8KGxe;whEZac:F4AmNb;xBbsrc:NEW1Qc;ysNiMc:CpIBjd;yxTchf:KUM7Z;z97YGf:oug9te;zOsCQe:Ko78Df;zaIgPb:Qtpxbd/m=B2qlPe,DhPYme,GU4Gab,MpJwZc,NzU6V,UUJqVe,Wo3n8,aa,abd,async,epYOx,ms4mZb,pHXghd,q0xTif,s39S4,sOXFj,sb_wiz,sf,spch?xjs=s1:27:991

Dynamically enable window occlusion 1
1718993456799	geckodriver	INFO	Listening on 127.0.0.1:54677
1718993459872	mozrunner::runner	INFO	Running command: "C:\\Program Files\\Mozilla Firefox\\firefox.exe" "--marionette" "-no-remote" "-profile" "C:\\Users\\matutino\\AppData\\Local\\Temp\\rust_mozprofile3rj420"
console.warn: services.settings: Ignoring preference override of remote settings server
console.warn: services.settings: Allow by setting MOZ_REMOTE_SETTINGS_DEVTOOLS=1 in the environment
1718993465686	Marionette	INFO	Marionette enabled
Dynamically enable window occlusion 0
1718993466019	Marionette	INFO	Listening on port 54687
Read port: 54687
1718993466190	RemoteAgent	WARN	TLS certificate errors will be ignored for this session
1718993475218	Marionette	INFO	Stopped listening on port 54687
Dynamically enable window occlusion 1
1719000865694	geckodriver	INFO	Listening on 127.0.0.1:56229
1719000868730	mozrunner::runner	INFO	Running command: "C:\\Program Files\\Mozilla Firefox\\firefox.exe" "--marionette" "-no-remote" "-profile" "C:\\Users\\matutino\\AppData\\Local\\Temp\\rust_mozprofileBd2kzK"
console.warn: services.settings: Ignoring preference override of remote settings server
console.warn: services.settings: Allow by setting MOZ_REMOTE_SETTINGS_DEVTOOLS=1 in the environment
1719000872520	Marionette	INFO	Marionette enabled
Dynamically enable window occlusion 0
1719000872881	Marionette	INFO	Listening on port 56240
Read port: 56240
1719000873044	RemoteAgent	WARN	TLS certificate errors will be ignored for this session
1719000880619	Marionette	INFO	Stopped listening on port 56240
Dynamically enable window occlusion 1
1719000900035	geckodriver	INFO	Listening on 127.0.0.1:56280
1719000903116	mozrunner::runner	INFO	Running command: "C:\\Program Files\\Mozilla Firefox\\firefox.exe" "--marionette" "-no-remote" "-profile" "C:\\Users\\matutino\\AppData\\Local\\Temp\\rust_mozprofileG796QA"
console.warn: services.settings: Ignoring preference override of remote settings server
console.warn: services.settings: Allow by setting MOZ_REMOTE_SETTINGS_DEVTOOLS=1 in the environment
1719000903743	Marionette	INFO	Marionette enabled
Dynamically enable window occlusion 0
1719000904129	Marionette	INFO	Listening on port 56290
Read port: 56290
1719000904303	RemoteAgent	WARN	TLS certificate errors will be ignored for this session
1719000910658	Marionette	INFO	Stopped listening on port 56290
Dynamically enable window occlusion 1
1719001013228	geckodriver	INFO	Listening on 127.0.0.1:56333
1719001016314	mozrunner::runner	INFO	Running command: "C:\\Program Files\\Mozilla Firefox\\firefox.exe" "--marionette" "-no-remote" "-profile" "C:\\Users\\matutino\\AppData\\Local\\Temp\\rust_mozprofilepuk90G"
console.warn: services.settings: Ignoring preference override of remote settings server
console.warn: services.settings: Allow by setting MOZ_REMOTE_SETTINGS_DEVTOOLS=1 in the environment
1719001020062	Marionette	INFO	Marionette enabled
Dynamically enable window occlusion 0
1719001020431	Marionette	INFO	Listening on port 56343
Read port: 56343
1719001020593	RemoteAgent	WARN	TLS certificate errors will be ignored for this session
1719001028621	Marionette	INFO	Stopped listening on port 56343
Dynamically enable window occlusion 1
1719001259611	geckodriver	INFO	Listening on 127.0.0.1:56390
1719001262649	mozrunner::runner	INFO	Running command: "C:\\Program Files\\Mozilla Firefox\\firefox.exe" "--marionette" "-no-remote" "-profile" "C:\\Users\\matutino\\AppData\\Local\\Temp\\rust_mozprofileZCJR0p"
console.warn: services.settings: Ignoring preference override of remote settings server
console.warn: services.settings: Allow by setting MOZ_REMOTE_SETTINGS_DEVTOOLS=1 in the environment
1719001266647	Marionette	INFO	Marionette enabled
Dynamically enable window occlusion 0
1719001267000	Marionette	INFO	Listening on port 56401
Read port: 56401
1719001267216	RemoteAgent	WARN	TLS certificate errors will be ignored for this session
1719001276935	Marionette	INFO	Stopped listening on port 56401
Dynamically enable window occlusion 1
1719001332932	geckodriver	INFO	Listening on 127.0.0.1:56442
1719001336016	mozrunner::runner	INFO	Running command: "C:\\Program Files\\Mozilla Firefox\\firefox.exe" "--marionette" "-no-remote" "-profile" "C:\\Users\\matutino\\AppData\\Local\\Temp\\rust_mozprofileiu1tvK"
console.warn: services.settings: Ignoring preference override of remote settings server
console.warn: services.settings: Allow by setting MOZ_REMOTE_SETTINGS_DEVTOOLS=1 in the environment
1719001339870	Marionette	INFO	Marionette enabled
Dynamically enable window occlusion 0
1719001340208	Marionette	INFO	Listening on port 56452
Read port: 56452
1719001340370	RemoteAgent	WARN	TLS certificate errors will be ignored for this session
1719001348076	Marionette	INFO	Stopped listening on port 56452
JavaScript warning: https://www.google.com/xjs/_/js/k=xjs.s.pt_PT.x29awVzpiHM.O/am=AAAAAAAAAAAAAAAAAAAAAAAAAAAAAAAAAABAAAAAAABASCAIAAAAFAcAAAEAAAAAAAAACAEAwAEAQAAcAEoIEAACEAAAUCAI4PefAAAAAAAAAAACMAEAAACACwAAFAQACBAAAAABAAAAQAEAAAAAAAAAAAAAAAAGIIB-AAAAAAAAAAAACAAAIGCA8AMACAABBAHgg4EAAIAAAAAA2gOA5wHDQQoPAAAAAAAAAAAAAABAABMEcyD9AQEQAAAAAAAAAAAAAAAAQErQicsTACAB/d=1/ed=1/dg=2/rs=ACT90oHftq-r5yd2TJkf8jr1dpnfLcHBHw/ee=ALeJib:B8gLwd;AfeaP:TkrAjf;BMxAGc:E5bFse;BgS6mb:fidj5d;BjwMce:cXX2Wb;CxXAWb:YyRLvc;DM55c:imLrKe;DULqB:RKfG5c;Dkk6ge:wJqrrd;DpcR3d:zL72xf;EABSZ:MXZt9d;ESrPQc:mNTJvc;EVNhjf:pw70Gc;EmZ2Bf:zr1jrb;EnlcNd:WeHg4;Erl4fe:FloWmf,FloWmf;F9mqte:UoRcbe;Fmv9Nc:O1Tzwc;G0KhTb:LIaoZ;G6wU6e:hezEbd;GleZL:J1A7Od;HMDDWe:G8QUdb;HoYVKb:PkDN7e;HqeXPd:cmbnH;IBADCc:RYquRb;IZrNqe:P8ha2c;IoGlCf:b5lhvb;IsdWVc:qzxzOb;JXS8fb:Qj0suc;JbMT3:M25sS;JsbNhc:Xd8iUd;KOxcK:OZqGte;KQzWid:ZMKkN;KcokUb:KiuZBf;KpRAue:Tia57b;LBgRLc:SdcwHb,XVMNvd;LEikZe:byfTOb,lsjVmc;LsNahb:ucGLNb;Me32dd:MEeYgc;NPKaK:SdcwHb;NSEoX:lazG7b;Np8Qkd:Dpx6qc;Nyt6ic:jn2sGd;OgagBe:cNTe0;Oj465e:KG2eXe,KG2eXe;OohIYe:mpEAQb;Pjplud:EEDORb,PoEs9b;PqHfGe:im2cZe;Q1Ow7b:x5CSu;Q6C5kf:pfdZCe;QGR0gd:Mlhmy;R2kc8b:ALJqWb;R4IIIb:QWfeKf;R9Ulx:CR7Ufe;RDNBlf:zPRCJb;SLtqO:Kh1xYe;SMDL4c:fTfGO,fTfGO;SNUn3:ZwDk9d,x8cHvb;ShpF6e:N0pvGc;TxfV6d:YORN0b;U96pRd:FsR04;UBKJZ:LGDJGb;UDrY1c:eps46d;UVmjEd:EesRsb;UyG7Kb:wQd0G;V2HTTe:RolTY;VGRfx:VFqbr;VN6jIc:ddQyuf;VOcgDe:YquhTb;VsAqSb:PGf2Re;VxQ32b:k0XsBb;WCEKNd:I46Hvd;WDGyFe:jcVOxd;Wfmdue:g3MJlb;XUezZ:sa7lqb;YV5bee:IvPZ6d;YkQtAf:rx8ur;ZMvdv:PHFPjb;ZSH6tc:QAvyLe;ZWEUA:afR4Cf;Zen4yb:jMF88c;a56pNe:JEfCwb;aAJE9c:WHW6Ef;aCJ9tf:qKftvc;aZ61od:arTwJ;af0EJf:ghinId;bDXwRe:UsyOtc;bFZ6gf:RsDQqe;bcPXSc:gSZLJb;cEt90b:ws9Tlc;cFTWae:gT8qnd;coJ8e:KvoW8;dIoSBb:ZgGg9b;dLlj2:Qqt3Gf;daB6be:lMxGPd;dtl0hd:lLQWFe;eBAeSb:Ck63tb;eBZ5Nd:VruDBd;eHDfl:ofjVkb;eO3lse:nFClrf;euOXY:OZjbQ;g8nkx:U4MzKc;gaub4:TN6bMe;gtVSi:ekUOYd;h3MYod:cEt90b;hK67qb:QWEO5b;heHB1:sFczq;hjRo6e:F62sG;hsLsYc:Vl118;iFQyKf:QIhFr,vfuNJf;imqimf:jKGL2e;io8t5d:sgY6Zb;jY0zg:Q6tNgc;k2Qxcb:XY51pe;kCQyJ:ueyPK;kMFpHd:OTA3Ae;kbAm9d:MkHyGd;lkq0A:JyBE3e;nAFL3:NTMZac,s39S4;nJw4Gd:dPFZH;oGtAuc:sOXFj;oSUNyd:fTfGO,fTfGO;oUlnpc:RagDlc;okUaUd:wItadb;pKJiXd:VCenhc;pNsl2d:j9Yuyc;pXdRYb:JKoKVe;pj82le:mg5CW;qGV2uc:HHi04c;qZx2Fc:j0xrE;qaS3gd:yiLg6e;qavrXe:zQzcXe;qddgKe:d7YSfd,x4FYXe;rQSrae:C6D5Fc;sP4Vbe:VwDzFe;sTsDMc:kHVSUb;sZmdvc:rdGEfc;tH4IIe:Ymry6;tosKvd:ZCqP3;trZL0b:qY8PFe;uY49fb:COQbmf;uknmt:GkPrzb;uuQkY:u2V3ud;vGrMZ:lPJJ0c;vfVwPd:lcrkwe;w3bZCb:ZPGaIb;w4rSdf:XKiZ9;w9w86d:dt4g2b;wQlYve:aLUfP;wR5FRb:O1Gjze,TtcOte;wV5Pjc:L8KGxe;whEZac:F4AmNb;xBbsrc:NEW1Qc;xbe2wc:wbTLEd;ysNiMc:CpIBjd;yxTchf:KUM7Z;z97YGf:oug9te;zOsCQe:Ko78Df;zaIgPb:Qtpxbd/m=attn,cdos,gwc,hsm,jsa,mb4ZUb,d,csi,cEt90b,SNUn3,qddgKe,sTsDMc,dtl0hd,eHDfl, line 666: Script terminated by timeout at:
get@https://www.google.com/xjs/_/js/k=xjs.s.pt_PT.x29awVzpiHM.O/am=AAAAAAAAAAAAAAAAAAAAAAAAAAAAAAAAAABAAAAAAABASCAIAAAAFAcAAAEAAAAAAAAACAEAwAEAQAAcAEoIEAACEAAAUCAI4PefAAAAAAAAAAACMAEAAACACwAAFAQACBAAAAABAAAAQAEAAAAAAAAAAAAAAAAGIIB-AAAAAAAAAAAACAAAIGCA8AMACAABBAHgg4EAAIAAAAAA2gOA5wHDQQoPAAAAAAAAAAAAAABAABMEcyD9AQEQAAAAAAAAAAAAAAAAQErQicsTACAB/d=1/ed=1/dg=2/rs=ACT90oHftq-r5yd2TJkf8jr1dpnfLcHBHw/ee=ALeJib:B8gLwd;AfeaP:TkrAjf;BMxAGc:E5bFse;BgS6mb:fidj5d;BjwMce:cXX2Wb;CxXAWb:YyRLvc;DM55c:imLrKe;DULqB:RKfG5c;Dkk6ge:wJqrrd;DpcR3d:zL72xf;EABSZ:MXZt9d;ESrPQc:mNTJvc;EVNhjf:pw70Gc;EmZ2Bf:zr1jrb;EnlcNd:WeHg4;Erl4fe:FloWmf,FloWmf;F9mqte:UoRcbe;Fmv9Nc:O1Tzwc;G0KhTb:LIaoZ;G6wU6e:hezEbd;GleZL:J1A7Od;HMDDWe:G8QUdb;HoYVKb:PkDN7e;HqeXPd:cmbnH;IBADCc:RYquRb;IZrNqe:P8ha2c;IoGlCf:b5lhvb;IsdWVc:qzxzOb;JXS8fb:Qj0suc;JbMT3:M25sS;JsbNhc:Xd8iUd;KOxcK:OZqGte;KQzWid:ZMKkN;KcokUb:KiuZBf;KpRAue:Tia57b;LBgRLc:SdcwHb,XVMNvd;LEikZe:byfTOb,lsjVmc;LsNahb:ucGLNb;Me32dd:MEeYgc;NPKaK:SdcwHb;NSEoX:lazG7b;Np8Qkd:Dpx6qc;Nyt6ic:jn2sGd;OgagBe:cNTe0;Oj465e:KG2eXe,KG2eXe;OohIYe:mpEAQb;Pjplud:EEDORb,PoEs9b;PqHfGe:im2cZe;Q1Ow7b:x5CSu;Q6C5kf:pfdZCe;QGR0gd:Mlhmy;R2kc8b:ALJqWb;R4IIIb:QWfeKf;R9Ulx:CR7Ufe;RDNBlf:zPRCJb;SLtqO:Kh1xYe;SMDL4c:fTfGO,fTfGO;SNUn3:ZwDk9d,x8cHvb;ShpF6e:N0pvGc;TxfV6d:YORN0b;U96pRd:FsR04;UBKJZ:LGDJGb;UDrY1c:eps46d;UVmjEd:EesRsb;UyG7Kb:wQd0G;V2HTTe:RolTY;VGRfx:VFqbr;VN6jIc:ddQyuf;VOcgDe:YquhTb;VsAqSb:PGf2Re;VxQ32b:k0XsBb;WCEKNd:I46Hvd;WDGyFe:jcVOxd;Wfmdue:g3MJlb;XUezZ:sa7lqb;YV5bee:IvPZ6d;YkQtAf:rx8ur;ZMvdv:PHFPjb;ZSH6tc:QAvyLe;ZWEUA:afR4Cf;Zen4yb:jMF88c;a56pNe:JEfCwb;aAJE9c:WHW6Ef;aCJ9tf:qKftvc;aZ61od:arTwJ;af0EJf:ghinId;bDXwRe:UsyOtc;bFZ6gf:RsDQqe;bcPXSc:gSZLJb;cEt90b:ws9Tlc;cFTWae:gT8qnd;coJ8e:KvoW8;dIoSBb:ZgGg9b;dLlj2:Qqt3Gf;daB6be:lMxGPd;dtl0hd:lLQWFe;eBAeSb:Ck63tb;eBZ5Nd:VruDBd;eHDfl:ofjVkb;eO3lse:nFClrf;euOXY:OZjbQ;g8nkx:U4MzKc;gaub4:TN6bMe;gtVSi:ekUOYd;h3MYod:cEt90b;hK67qb:QWEO5b;heHB1:sFczq;hjRo6e:F62sG;hsLsYc:Vl118;iFQyKf:QIhFr,vfuNJf;imqimf:jKGL2e;io8t5d:sgY6Zb;jY0zg:Q6tNgc;k2Qxcb:XY51pe;kCQyJ:ueyPK;kMFpHd:OTA3Ae;kbAm9d:MkHyGd;lkq0A:JyBE3e;nAFL3:NTMZac,s39S4;nJw4Gd:dPFZH;oGtAuc:sOXFj;oSUNyd:fTfGO,fTfGO;oUlnpc:RagDlc;okUaUd:wItadb;pKJiXd:VCenhc;pNsl2d:j9Yuyc;pXdRYb:JKoKVe;pj82le:mg5CW;qGV2uc:HHi04c;qZx2Fc:j0xrE;qaS3gd:yiLg6e;qavrXe:zQzcXe;qddgKe:d7YSfd,x4FYXe;rQSrae:C6D5Fc;sP4Vbe:VwDzFe;sTsDMc:kHVSUb;sZmdvc:rdGEfc;tH4IIe:Ymry6;tosKvd:ZCqP3;trZL0b:qY8PFe;uY49fb:COQbmf;uknmt:GkPrzb;uuQkY:u2V3ud;vGrMZ:lPJJ0c;vfVwPd:lcrkwe;w3bZCb:ZPGaIb;w4rSdf:XKiZ9;w9w86d:dt4g2b;wQlYve:aLUfP;wR5FRb:O1Gjze,TtcOte;wV5Pjc:L8KGxe;whEZac:F4AmNb;xBbsrc:NEW1Qc;xbe2wc:wbTLEd;ysNiMc:CpIBjd;yxTchf:KUM7Z;z97YGf:oug9te;zOsCQe:Ko78Df;zaIgPb:Qtpxbd/m=attn,cdos,gwc,hsm,jsa,mb4ZUb,d,csi,cEt90b,SNUn3,qddgKe,sTsDMc,dtl0hd,eHDfl:666:80
_.Tc.prototype.toString@https://www.google.com/xjs/_/js/k=xjs.s.pt_PT.x29awVzpiHM.O/am=AAAAAAAAAAAAAAAAAAAAAAAAAAAAAAAAAABAAAAAAABASCAIAAAAFAcAAAEAAAAAAAAACAEAwAEAQAAcAEoIEAACEAAAUCAI4PefAAAAAAAAAAACMAEAAACACwAAFAQACBAAAAABAAAAQAEAAAAAAAAAAAAAAAAGIIB-AAAAAAAAAAAACAAAIGCA8AMACAABBAHgg4EAAIAAAAAA2gOA5wHDQQoPAAAAAAAAAAAAAABAABMEcyD9AQEQAAAAAAAAAAAAAAAAQErQicsTACAB/d=1/ed=1/dg=2/rs=ACT90oHftq-r5yd2TJkf8jr1dpnfLcHBHw/ee=ALeJib:B8gLwd;AfeaP:TkrAjf;BMxAGc:E5bFse;BgS6mb:fidj5d;BjwMce:cXX2Wb;CxXAWb:YyRLvc;DM55c:imLrKe;DULqB:RKfG5c;Dkk6ge:wJqrrd;DpcR3d:zL72xf;EABSZ:MXZt9d;ESrPQc:mNTJvc;EVNhjf:pw70Gc;EmZ2Bf:zr1jrb;EnlcNd:WeHg4;Erl4fe:FloWmf,FloWmf;F9mqte:UoRcbe;Fmv9Nc:O1Tzwc;G0KhTb:LIaoZ;G6wU6e:hezEbd;GleZL:J1A7Od;HMDDWe:G8QUdb;HoYVKb:PkDN7e;HqeXPd:cmbnH;IBADCc:RYquRb;IZrNqe:P8ha2c;IoGlCf:b5lhvb;IsdWVc:qzxzOb;JXS8fb:Qj0suc;JbMT3:M25sS;JsbNhc:Xd8iUd;KOxcK:OZqGte;KQzWid:ZMKkN;KcokUb:KiuZBf;KpRAue:Tia57b;LBgRLc:SdcwHb,XVMNvd;LEikZe:byfTOb,lsjVmc;LsNahb:ucGLNb;Me32dd:MEeYgc;NPKaK:SdcwHb;NSEoX:lazG7b;Np8Qkd:Dpx6qc;Nyt6ic:jn2sGd;OgagBe:cNTe0;Oj465e:KG2eXe,KG2eXe;OohIYe:mpEAQb;Pjplud:EEDORb,PoEs9b;PqHfGe:im2cZe;Q1Ow7b:x5CSu;Q6C5kf:pfdZCe;QGR0gd:Mlhmy;R2kc8b:ALJqWb;R4IIIb:QWfeKf;R9Ulx:CR7Ufe;RDNBlf:zPRCJb;SLtqO:Kh1xYe;SMDL4c:fTfGO,fTfGO;SNUn3:ZwDk9d,x8cHvb;ShpF6e:N0pvGc;TxfV6d:YORN0b;U96pRd:FsR04;UBKJZ:LGDJGb;UDrY1c:eps46d;UVmjEd:EesRsb;UyG7Kb:wQd0G;V2HTTe:RolTY;VGRfx:VFqbr;VN6jIc:ddQyuf;VOcgDe:YquhTb;VsAqSb:PGf2Re;VxQ32b:k0XsBb;WCEKNd:I46Hvd;WDGyFe:jcVOxd;Wfmdue:g3MJlb;XUezZ:sa7lqb;YV5bee:IvPZ6d;YkQtAf:rx8ur;ZMvdv:PHFPjb;ZSH6tc:QAvyLe;ZWEUA:afR4Cf;Zen4yb:jMF88c;a56pNe:JEfCwb;aAJE9c:WHW6Ef;aCJ9tf:qKftvc;aZ61od:arTwJ;af0EJf:ghinId;bDXwRe:UsyOtc;bFZ6gf:RsDQqe;bcPXSc:gSZLJb;cEt90b:ws9Tlc;cFTWae:gT8qnd;coJ8e:KvoW8;dIoSBb:ZgGg9b;dLlj2:Qqt3Gf;daB6be:lMxGPd;dtl0hd:lLQWFe;eBAeSb:Ck63tb;eBZ5Nd:VruDBd;eHDfl:ofjVkb;eO3lse:nFClrf;euOXY:OZjbQ;g8nkx:U4MzKc;gaub4:TN6bMe;gtVSi:ekUOYd;h3MYod:cEt90b;hK67qb:QWEO5b;heHB1:sFczq;hjRo6e:F62sG;hsLsYc:Vl118;iFQyKf:QIhFr,vfuNJf;imqimf:jKGL2e;io8t5d:sgY6Zb;jY0zg:Q6tNgc;k2Qxcb:XY51pe;kCQyJ:ueyPK;kMFpHd:OTA3Ae;kbAm9d:MkHyGd;lkq0A:JyBE3e;nAFL3:NTMZac,s39S4;nJw4Gd:dPFZH;oGtAuc:sOXFj;oSUNyd:fTfGO,fTfGO;oUlnpc:RagDlc;okUaUd:wItadb;pKJiXd:VCenhc;pNsl2d:j9Yuyc;pXdRYb:JKoKVe;pj82le:mg5CW;qGV2uc:HHi04c;qZx2Fc:j0xrE;qaS3gd:yiLg6e;qavrXe:zQzcXe;qddgKe:d7YSfd,x4FYXe;rQSrae:C6D5Fc;sP4Vbe:VwDzFe;sTsDMc:kHVSUb;sZmdvc:rdGEfc;tH4IIe:Ymry6;tosKvd:ZCqP3;trZL0b:qY8PFe;uY49fb:COQbmf;uknmt:GkPrzb;uuQkY:u2V3ud;vGrMZ:lPJJ0c;vfVwPd:lcrkwe;w3bZCb:ZPGaIb;w4rSdf:XKiZ9;w9w86d:dt4g2b;wQlYve:aLUfP;wR5FRb:O1Gjze,TtcOte;wV5Pjc:L8KGxe;whEZac:F4AmNb;xBbsrc:NEW1Qc;xbe2wc:wbTLEd;ysNiMc:CpIBjd;yxTchf:KUM7Z;z97YGf:oug9te;zOsCQe:Ko78Df;zaIgPb:Qtpxbd/m=attn,cdos,gwc,hsm,jsa,mb4ZUb,d,csi,cEt90b,SNUn3,qddgKe,sTsDMc,dtl0hd,eHDfl:668:224
_.uOb@https://www.google.com/xjs/_/js/k=xjs.s.pt_PT.x29awVzpiHM.O/ck=xjs.s.jrgA9fff2aU.L.F4.O/am=AOyBQgAAgACDBgQAAAAAAAAAAAAAAACQAABAAAAAAABBSiAIIAcAFCcbFAOAD3AIAAAACAEAwAEAUAJcBkoIUAACEgAAUCAI4PefAAAABwAAAAACMgECCICCCyABFARADhAAABABwzAAUgGAgSMAAACAACIAAAAG4MZ-AAQAAPYAQAAPCAQAIWDA8RsAKBABBAHkg4EAAIAAAAAA2gOA5wHDQQoPAAAAAAAAAAAAAABAABMEcyD9AQEQAAAAAAAAAAAAAAAAQErQicsTACAB/d=1/exm=SNUn3,attn,cEt90b,cdos,csi,d,dtl0hd,eHDfl,gwc,hsm,jsa,mb4ZUb,qddgKe,sTsDMc/excm=ABxRVc,AD6AIb,B0xr7b,CJucxe,CTwd8,CWOfE,CX5LId,Cl1Hgb,DwnPgd,FmnE6b,FuQWyc,GXyz1,IHnzse,JxE93,KYXthe,KiXlnd,NsEUGe,Oa7Qpb,Ok4XMd,P8fzEe,PE728b,PlCTlc,PoJj8d,QNvmne,RSlfle,SpjoE,TO0csb,U3Ovcc,UiPhkb,Ut0TMc,VL58m,VZLyBe,WFRJOb,WxJ6g,XHo6qe,XTkmZd,ZGLUZ,ZrXR8b,Zudxcb,adn7N,bXyZdf,cKV22c,eTv59e,fNMhz,fNbibc,gXm5Le,giyuec,jkRPje,kCkfUb,kOSi0d,m3AaXd,pIseB,pQk1fc,pqUxUc,qngJBf,r24bR,rL2AR,sU6eaf,smKWJb,tOQULd,tnnVDe,tzTB5,vJPFse,vbjdXc,vif6Hc,w7ysg,xB2dQd,y25qZb,yChgtb,ypVg7e,zoFt6e/ed=1/dg=0/ujg=1/rs=ACT90oFRmYknia9eYPojkVek3f3isbFn7w/ee=ALeJib:B8gLwd;AfeaP:TkrAjf;BMxAGc:E5bFse;BgS6mb:fidj5d;BjwMce:cXX2Wb;CxXAWb:YyRLvc;DM55c:imLrKe;DULqB:RKfG5c;Dkk6ge:wJqrrd;DpcR3d:zL72xf;EABSZ:MXZt9d;ESrPQc:mNTJvc;EVNhjf:pw70Gc;EmZ2Bf:zr1jrb;EnlcNd:WeHg4;Erl4fe:FloWmf;F9mqte:UoRcbe;Fmv9Nc:O1Tzwc;G0KhTb:LIaoZ;G6wU6e:hezEbd;GleZL:J1A7Od;HMDDWe:G8QUdb;HoYVKb:PkDN7e;HqeXPd:cmbnH;IBADCc:RYquRb;IZrNqe:P8ha2c;IoGlCf:b5lhvb;IsdWVc:qzxzOb;JXS8fb:Qj0suc;JbMT3:M25sS;JsbNhc:Xd8iUd;KOxcK:OZqGte;KQzWid:ZMKkN;KcokUb:KiuZBf;KpRAue:Tia57b;LBgRLc:SdcwHb,XVMNvd;LEikZe:byfTOb,lsjVmc;LsNahb:ucGLNb;Me32dd:MEeYgc;NPKaK:SdcwHb;NSEoX:lazG7b;Np8Qkd:Dpx6qc;Nyt6ic:jn2sGd;OgagBe:cNTe0;Oj465e:KG2eXe;OohIYe:mpEAQb;Pjplud:EEDORb,PoEs9b;PqHfGe:im2cZe;Q1Ow7b:x5CSu;Q6C5kf:pfdZCe;QGR0gd:Mlhmy;R2kc8b:ALJqWb;R4IIIb:QWfeKf;R9Ulx:CR7Ufe;RDNBlf:zPRCJb;SLtqO:Kh1xYe;SMDL4c:fTfGO;SNUn3:ZwDk9d,x8cHvb;ShpF6e:N0pvGc;TxfV6d:YORN0b;U96pRd:FsR04;UBKJZ:LGDJGb;UDrY1c:eps46d;UVmjEd:EesRsb;UyG7Kb:wQd0G;V2HTTe:RolTY;VGRfx:VFqbr;VN6jIc:ddQyuf;VOcgDe:YquhTb;VsAqSb:PGf2Re;VxQ32b:k0XsBb;WCEKNd:I46Hvd;WDGyFe:jcVOxd;Wfmdue:g3MJlb;XUezZ:sa7lqb;YV5bee:IvPZ6d;YkQtAf:rx8ur;ZMvdv:PHFPjb;ZSH6tc:QAvyLe;ZWEUA:afR4Cf;Zen4yb:jMF88c;a56pNe:JEfCwb;aAJE9c:WHW6Ef;aCJ9tf:qKftvc;aZ61od:arTwJ;af0EJf:ghinId;bDXwRe:UsyOtc;bFZ6gf:RsDQqe;bcPXSc:gSZLJb;cEt90b:ws9Tlc;cFTWae:gT8qnd;coJ8e:KvoW8;dIoSBb:ZgGg9b;dLlj2:Qqt3Gf;daB6be:lMxGPd;dtl0hd:lLQWFe;eBAeSb:Ck63tb;eBZ5Nd:VruDBd;eHDfl:ofjVkb;eO3lse:nFClrf;euOXY:OZjbQ;g8nkx:U4MzKc;gaub4:TN6bMe;gtVSi:ekUOYd;h3MYod:cEt90b;hK67qb:QWEO5b;heHB1:sFczq;hjRo6e:F62sG;hsLsYc:Vl118;iFQyKf:QIhFr,vfuNJf;imqimf:jKGL2e;io8t5d:sgY6Zb;jY0zg:Q6tNgc;k2Qxcb:XY51pe;kCQyJ:ueyPK;kMFpHd:OTA3Ae;kbAm9d:MkHyGd;lkq0A:JyBE3e;nAFL3:NTMZac,s39S4;nJw4Gd:dPFZH;oGtAuc:sOXFj;oSUNyd:fTfGO;oUlnpc:RagDlc;okUaUd:wItadb;pKJiXd:VCenhc;pNsl2d:j9Yuyc;pXdRYb:JKoKVe;pj82le:mg5CW;qGV2uc:HHi04c;qZx2Fc:j0xrE;qaS3gd:yiLg6e;qavrXe:zQzcXe;qddgKe:d7YSfd,x4FYXe;rQSrae:C6D5Fc;sP4Vbe:VwDzFe;sTsDMc:kHVSUb;sZmdvc:rdGEfc;tH4IIe:Ymry6;tosKvd:ZCqP3;trZL0b:qY8PFe;uY49fb:COQbmf;uknmt:GkPrzb;uuQkY:u2V3ud;vGrMZ:lPJJ0c;vfVwPd:lcrkwe;w3bZCb:ZPGaIb;w4rSdf:XKiZ9;w9w86d:dt4g2b;wQlYve:aLUfP;wR5FRb:O1Gjze,TtcOte;wV5Pjc:L8KGxe;whEZac:F4AmNb;xBbsrc:NEW1Qc;xbe2wc:wbTLEd;ysNiMc:CpIBjd;yxTchf:KUM7Z;z97YGf:oug9te;zOsCQe:Ko78Df;zaIgPb:Qtpxbd/m=Eox39d,GElbSc,HYSCof,Wct42,Wo3n8,aZyy4e,dWsYtd,msmzHf,myomPd,pHXghd,tIj4fb,w4UyN,xdV1C?xjs=s1:1837:262
_.zOb@https://www.google.com/xjs/_/js/k=xjs.s.pt_PT.x29awVzpiHM.O/ck=xjs.s.jrgA9fff2aU.L.F4.O/am=AOyBQgAAgACDBgQAAAAAAAAAAAAAAACQAABAAAAAAABBSiAIIAcAFCcbFAOAD3AIAAAACAEAwAEAUAJcBkoIUAACEgAAUCAI4PefAAAABwAAAAACMgECCICCCyABFARADhAAABABwzAAUgGAgSMAAACAACIAAAAG4MZ-AAQAAPYAQAAPCAQAIWDA8RsAKBABBAHkg4EAAIAAAAAA2gOA5wHDQQoPAAAAAAAAAAAAAABAABMEcyD9AQEQAAAAAAAAAAAAAAAAQErQicsTACAB/d=1/exm=SNUn3,attn,cEt90b,cdos,csi,d,dtl0hd,eHDfl,gwc,hsm,jsa,mb4ZUb,qddgKe,sTsDMc/excm=ABxRVc,AD6AIb,B0xr7b,CJucxe,CTwd8,CWOfE,CX5LId,Cl1Hgb,DwnPgd,FmnE6b,FuQWyc,GXyz1,IHnzse,JxE93,KYXthe,KiXlnd,NsEUGe,Oa7Qpb,Ok4XMd,P8fzEe,PE728b,PlCTlc,PoJj8d,QNvmne,RSlfle,SpjoE,TO0csb,U3Ovcc,UiPhkb,Ut0TMc,VL58m,VZLyBe,WFRJOb,WxJ6g,XHo6qe,XTkmZd,ZGLUZ,ZrXR8b,Zudxcb,adn7N,bXyZdf,cKV22c,eTv59e,fNMhz,fNbibc,gXm5Le,giyuec,jkRPje,kCkfUb,kOSi0d,m3AaXd,pIseB,pQk1fc,pqUxUc,qngJBf,r24bR,rL2AR,sU6eaf,smKWJb,tOQULd,tnnVDe,tzTB5,vJPFse,vbjdXc,vif6Hc,w7ysg,xB2dQd,y25qZb,yChgtb,ypVg7e,zoFt6e/ed=1/dg=0/ujg=1/rs=ACT90oFRmYknia9eYPojkVek3f3isbFn7w/ee=ALeJib:B8gLwd;AfeaP:TkrAjf;BMxAGc:E5bFse;BgS6mb:fidj5d;BjwMce:cXX2Wb;CxXAWb:YyRLvc;DM55c:imLrKe;DULqB:RKfG5c;Dkk6ge:wJqrrd;DpcR3d:zL72xf;EABSZ:MXZt9d;ESrPQc:mNTJvc;EVNhjf:pw70Gc;EmZ2Bf:zr1jrb;EnlcNd:WeHg4;Erl4fe:FloWmf;F9mqte:UoRcbe;Fmv9Nc:O1Tzwc;G0KhTb:LIaoZ;G6wU6e:hezEbd;GleZL:J1A7Od;HMDDWe:G8QUdb;HoYVKb:PkDN7e;HqeXPd:cmbnH;IBADCc:RYquRb;IZrNqe:P8ha2c;IoGlCf:b5lhvb;IsdWVc:qzxzOb;JXS8fb:Qj0suc;JbMT3:M25sS;JsbNhc:Xd8iUd;KOxcK:OZqGte;KQzWid:ZMKkN;KcokUb:KiuZBf;KpRAue:Tia57b;LBgRLc:SdcwHb,XVMNvd;LEikZe:byfTOb,lsjVmc;LsNahb:ucGLNb;Me32dd:MEeYgc;NPKaK:SdcwHb;NSEoX:lazG7b;Np8Qkd:Dpx6qc;Nyt6ic:jn2sGd;OgagBe:cNTe0;Oj465e:KG2eXe;OohIYe:mpEAQb;Pjplud:EEDORb,PoEs9b;PqHfGe:im2cZe;Q1Ow7b:x5CSu;Q6C5kf:pfdZCe;QGR0gd:Mlhmy;R2kc8b:ALJqWb;R4IIIb:QWfeKf;R9Ulx:CR7Ufe;RDNBlf:zPRCJb;SLtqO:Kh1xYe;SMDL4c:fTfGO;SNUn3:ZwDk9d,x8cHvb;ShpF6e:N0pvGc;TxfV6d:YORN0b;U96pRd:FsR04;UBKJZ:LGDJGb;UDrY1c:eps46d;UVmjEd:EesRsb;UyG7Kb:wQd0G;V2HTTe:RolTY;VGRfx:VFqbr;VN6jIc:ddQyuf;VOcgDe:YquhTb;VsAqSb:PGf2Re;VxQ32b:k0XsBb;WCEKNd:I46Hvd;WDGyFe:jcVOxd;Wfmdue:g3MJlb;XUezZ:sa7lqb;YV5bee:IvPZ6d;YkQtAf:rx8ur;ZMvdv:PHFPjb;ZSH6tc:QAvyLe;ZWEUA:afR4Cf;Zen4yb:jMF88c;a56pNe:JEfCwb;aAJE9c:WHW6Ef;aCJ9tf:qKftvc;aZ61od:arTwJ;af0EJf:ghinId;bDXwRe:UsyOtc;bFZ6gf:RsDQqe;bcPXSc:gSZLJb;cEt90b:ws9Tlc;cFTWae:gT8qnd;coJ8e:KvoW8;dIoSBb:ZgGg9b;dLlj2:Qqt3Gf;daB6be:lMxGPd;dtl0hd:lLQWFe;eBAeSb:Ck63tb;eBZ5Nd:VruDBd;eHDfl:ofjVkb;eO3lse:nFClrf;euOXY:OZjbQ;g8nkx:U4MzKc;gaub4:TN6bMe;gtVSi:ekUOYd;h3MYod:cEt90b;hK67qb:QWEO5b;heHB1:sFczq;hjRo6e:F62sG;hsLsYc:Vl118;iFQyKf:QIhFr,vfuNJf;imqimf:jKGL2e;io8t5d:sgY6Zb;jY0zg:Q6tNgc;k2Qxcb:XY51pe;kCQyJ:ueyPK;kMFpHd:OTA3Ae;kbAm9d:MkHyGd;lkq0A:JyBE3e;nAFL3:NTMZac,s39S4;nJw4Gd:dPFZH;oGtAuc:sOXFj;oSUNyd:fTfGO;oUlnpc:RagDlc;okUaUd:wItadb;pKJiXd:VCenhc;pNsl2d:j9Yuyc;pXdRYb:JKoKVe;pj82le:mg5CW;qGV2uc:HHi04c;qZx2Fc:j0xrE;qaS3gd:yiLg6e;qavrXe:zQzcXe;qddgKe:d7YSfd,x4FYXe;rQSrae:C6D5Fc;sP4Vbe:VwDzFe;sTsDMc:kHVSUb;sZmdvc:rdGEfc;tH4IIe:Ymry6;tosKvd:ZCqP3;trZL0b:qY8PFe;uY49fb:COQbmf;uknmt:GkPrzb;uuQkY:u2V3ud;vGrMZ:lPJJ0c;vfVwPd:lcrkwe;w3bZCb:ZPGaIb;w4rSdf:XKiZ9;w9w86d:dt4g2b;wQlYve:aLUfP;wR5FRb:O1Gjze,TtcOte;wV5Pjc:L8KGxe;whEZac:F4AmNb;xBbsrc:NEW1Qc;xbe2wc:wbTLEd;ysNiMc:CpIBjd;yxTchf:KUM7Z;z97YGf:oug9te;zOsCQe:Ko78Df;zaIgPb:Qtpxbd/m=Eox39d,GElbSc,HYSCof,Wct42,Wo3n8,aZyy4e,dWsYtd,msmzHf,myomPd,pHXghd,tIj4fb,w4UyN,xdV1C?xjs=s1:1839:72
build@https://www.google.com/xjs/_/js/k=xjs.s.pt_PT.x29awVzpiHM.O/ck=xjs.s.jrgA9fff2aU.L.F4.O/am=AOyBQgAAgACDBgQAAAAAAAAAAAAAAACQAABAAAAAAABBSiAIIAcAFCcbFAOAD3AIAAAACAEAwAEAUAJcBkoIUAACEgAAUCAI4PefAAAABwAAAAACMgECCICCCyABFARADhAAABABwzAAUgGAgSMAAACAACIAAAAG4MZ-AAQAAPYAQAAPCAQAIWDA8RsAKBABBAHkg4EAAIAAAAAA2gOA5wHDQQoPAAAAAAAAAAAAAABAABMEcyD9AQEQAAAAAAAAAAAAAAAAQErQicsTACAB/d=1/exm=SNUn3,attn,cEt90b,cdos,csi,d,dtl0hd,eHDfl,gwc,hsm,jsa,mb4ZUb,qddgKe,sTsDMc/excm=ABxRVc,AD6AIb,B0xr7b,CJucxe,CTwd8,CWOfE,CX5LId,Cl1Hgb,DwnPgd,FmnE6b,FuQWyc,GXyz1,IHnzse,JxE93,KYXthe,KiXlnd,NsEUGe,Oa7Qpb,Ok4XMd,P8fzEe,PE728b,PlCTlc,PoJj8d,QNvmne,RSlfle,SpjoE,TO0csb,U3Ovcc,UiPhkb,Ut0TMc,VL58m,VZLyBe,WFRJOb,WxJ6g,XHo6qe,XTkmZd,ZGLUZ,ZrXR8b,Zudxcb,adn7N,bXyZdf,cKV22c,eTv59e,fNMhz,fNbibc,gXm5Le,giyuec,jkRPje,kCkfUb,kOSi0d,m3AaXd,pIseB,pQk1fc,pqUxUc,qngJBf,r24bR,rL2AR,sU6eaf,smKWJb,tOQULd,tnnVDe,tzTB5,vJPFse,vbjdXc,vif6Hc,w7ysg,xB2dQd,y25qZb,yChgtb,ypVg7e,zoFt6e/ed=1/dg=0/ujg=1/rs=ACT90oFRmYknia9eYPojkVek3f3isbFn7w/ee=ALeJib:B8gLwd;AfeaP:TkrAjf;BMxAGc:E5bFse;BgS6mb:fidj5d;BjwMce:cXX2Wb;CxXAWb:YyRLvc;DM55c:imLrKe;DULqB:RKfG5c;Dkk6ge:wJqrrd;DpcR3d:zL72xf;EABSZ:MXZt9d;ESrPQc:mNTJvc;EVNhjf:pw70Gc;EmZ2Bf:zr1jrb;EnlcNd:WeHg4;Erl4fe:FloWmf;F9mqte:UoRcbe;Fmv9Nc:O1Tzwc;G0KhTb:LIaoZ;G6wU6e:hezEbd;GleZL:J1A7Od;HMDDWe:G8QUdb;HoYVKb:PkDN7e;HqeXPd:cmbnH;IBADCc:RYquRb;IZrNqe:P8ha2c;IoGlCf:b5lhvb;IsdWVc:qzxzOb;JXS8fb:Qj0suc;JbMT3:M25sS;JsbNhc:Xd8iUd;KOxcK:OZqGte;KQzWid:ZMKkN;KcokUb:KiuZBf;KpRAue:Tia57b;LBgRLc:SdcwHb,XVMNvd;LEikZe:byfTOb,lsjVmc;LsNahb:ucGLNb;Me32dd:MEeYgc;NPKaK:SdcwHb;NSEoX:lazG7b;Np8Qkd:Dpx6qc;Nyt6ic:jn2sGd;OgagBe:cNTe0;Oj465e:KG2eXe;OohIYe:mpEAQb;Pjplud:EEDORb,PoEs9b;PqHfGe:im2cZe;Q1Ow7b:x5CSu;Q6C5kf:pfdZCe;QGR0gd:Mlhmy;R2kc8b:ALJqWb;R4IIIb:QWfeKf;R9Ulx:CR7Ufe;RDNBlf:zPRCJb;SLtqO:Kh1xYe;SMDL4c:fTfGO;SNUn3:ZwDk9d,x8cHvb;ShpF6e:N0pvGc;TxfV6d:YORN0b;U96pRd:FsR04;UBKJZ:LGDJGb;UDrY1c:eps46d;UVmjEd:EesRsb;UyG7Kb:wQd0G;V2HTTe:RolTY;VGRfx:VFqbr;VN6jIc:ddQyuf;VOcgDe:YquhTb;VsAqSb:PGf2Re;VxQ32b:k0XsBb;WCEKNd:I46Hvd;WDGyFe:jcVOxd;Wfmdue:g3MJlb;XUezZ:sa7lqb;YV5bee:IvPZ6d;YkQtAf:rx8ur;ZMvdv:PHFPjb;ZSH6tc:QAvyLe;ZWEUA:afR4Cf;Zen4yb:jMF88c;a56pNe:JEfCwb;aAJE9c:WHW6Ef;aCJ9tf:qKftvc;aZ61od:arTwJ;af0EJf:ghinId;bDXwRe:UsyOtc;bFZ6gf:RsDQqe;bcPXSc:gSZLJb;cEt90b:ws9Tlc;cFTWae:gT8qnd;coJ8e:KvoW8;dIoSBb:ZgGg9b;dLlj2:Qqt3Gf;daB6be:lMxGPd;dtl0hd:lLQWFe;eBAeSb:Ck63tb;eBZ5Nd:VruDBd;eHDfl:ofjVkb;eO3lse:nFClrf;euOXY:OZjbQ;g8nkx:U4MzKc;gaub4:TN6bMe;gtVSi:ekUOYd;h3MYod:cEt90b;hK67qb:QWEO5b;heHB1:sFczq;hjRo6e:F62sG;hsLsYc:Vl118;iFQyKf:QIhFr,vfuNJf;imqimf:jKGL2e;io8t5d:sgY6Zb;jY0zg:Q6tNgc;k2Qxcb:XY51pe;kCQyJ:ueyPK;kMFpHd:OTA3Ae;kbAm9d:MkHyGd;lkq0A:JyBE3e;nAFL3:NTMZac,s39S4;nJw4Gd:dPFZH;oGtAuc:sOXFj;oSUNyd:fTfGO;oUlnpc:RagDlc;okUaUd:wItadb;pKJiXd:VCenhc;pNsl2d:j9Yuyc;pXdRYb:JKoKVe;pj82le:mg5CW;qGV2uc:HHi04c;qZx2Fc:j0xrE;qaS3gd:yiLg6e;qavrXe:zQzcXe;qddgKe:d7YSfd,x4FYXe;rQSrae:C6D5Fc;sP4Vbe:VwDzFe;sTsDMc:kHVSUb;sZmdvc:rdGEfc;tH4IIe:Ymry6;tosKvd:ZCqP3;trZL0b:qY8PFe;uY49fb:COQbmf;uknmt:GkPrzb;uuQkY:u2V3ud;vGrMZ:lPJJ0c;vfVwPd:lcrkwe;w3bZCb:ZPGaIb;w4rSdf:XKiZ9;w9w86d:dt4g2b;wQlYve:aLUfP;wR5FRb:O1Gjze,TtcOte;wV5Pjc:L8KGxe;whEZac:F4AmNb;xBbsrc:NEW1Qc;xbe2wc:wbTLEd;ysNiMc:CpIBjd;yxTchf:KUM7Z;z97YGf:oug9te;zOsCQe:Ko78Df;zaIgPb:Qtpxbd/m=Eox39d,GElbSc,HYSCof,Wct42,Wo3n8,aZyy4e,dWsYtd,msmzHf,myomPd,pHXghd,tIj4fb,w4UyN,xdV1C?xjs=s1:2244:59
nRb@https://www.google.com/xjs/_/js/k=xjs.s.pt_PT.x29awVzpiHM.O/ck=xjs.s.jrgA9fff2aU.L.F4.O/am=AOyBQgAAgACDBgQAAAAAAAAAAAAAAACQAABAAAAAAABBSiAIIAcAFCcbFAOAD3AIAAAACAEAwAEAUAJcBkoIUAACEgAAUCAI4PefAAAABwAAAAACMgECCICCCyABFARADhAAABABwzAAUgGAgSMAAACAACIAAAAG4MZ-AAQAAPYAQAAPCAQAIWDA8RsAKBABBAHkg4EAAIAAAAAA2gOA5wHDQQoPAAAAAAAAAAAAAABAABMEcyD9AQEQAAAAAAAAAAAAAAAAQErQicsTACAB/d=1/exm=SNUn3,attn,cEt90b,cdos,csi,d,dtl0hd,eHDfl,gwc,hsm,jsa,mb4ZUb,qddgKe,sTsDMc/excm=ABxRVc,AD6AIb,B0xr7b,CJucxe,CTwd8,CWOfE,CX5LId,Cl1Hgb,DwnPgd,FmnE6b,FuQWyc,GXyz1,IHnzse,JxE93,KYXthe,KiXlnd,NsEUGe,Oa7Qpb,Ok4XMd,P8fzEe,PE728b,PlCTlc,PoJj8d,QNvmne,RSlfle,SpjoE,TO0csb,U3Ovcc,UiPhkb,Ut0TMc,VL58m,VZLyBe,WFRJOb,WxJ6g,XHo6qe,XTkmZd,ZGLUZ,ZrXR8b,Zudxcb,adn7N,bXyZdf,cKV22c,eTv59e,fNMhz,fNbibc,gXm5Le,giyuec,jkRPje,kCkfUb,kOSi0d,m3AaXd,pIseB,pQk1fc,pqUxUc,qngJBf,r24bR,rL2AR,sU6eaf,smKWJb,tOQULd,tnnVDe,tzTB5,vJPFse,vbjdXc,vif6Hc,w7ysg,xB2dQd,y25qZb,yChgtb,ypVg7e,zoFt6e/ed=1/dg=0/ujg=1/rs=ACT90oFRmYknia9eYPojkVek3f3isbFn7w/ee=ALeJib:B8gLwd;AfeaP:TkrAjf;BMxAGc:E5bFse;BgS6mb:fidj5d;BjwMce:cXX2Wb;CxXAWb:YyRLvc;DM55c:imLrKe;DULqB:RKfG5c;Dkk6ge:wJqrrd;DpcR3d:zL72xf;EABSZ:MXZt9d;ESrPQc:mNTJvc;EVNhjf:pw70Gc;EmZ2Bf:zr1jrb;EnlcNd:WeHg4;Erl4fe:FloWmf;F9mqte:UoRcbe;Fmv9Nc:O1Tzwc;G0KhTb:LIaoZ;G6wU6e:hezEbd;GleZL:J1A7Od;HMDDWe:G8QUdb;HoYVKb:PkDN7e;HqeXPd:cmbnH;IBADCc:RYquRb;IZrNqe:P8ha2c;IoGlCf:b5lhvb;IsdWVc:qzxzOb;JXS8fb:Qj0suc;JbMT3:M25sS;JsbNhc:Xd8iUd;KOxcK:OZqGte;KQzWid:ZMKkN;KcokUb:KiuZBf;KpRAue:Tia57b;LBgRLc:SdcwHb,XVMNvd;LEikZe:byfTOb,lsjVmc;LsNahb:ucGLNb;Me32dd:MEeYgc;NPKaK:SdcwHb;NSEoX:lazG7b;Np8Qkd:Dpx6qc;Nyt6ic:jn2sGd;OgagBe:cNTe0;Oj465e:KG2eXe;OohIYe:mpEAQb;Pjplud:EEDORb,PoEs9b;PqHfGe:im2cZe;Q1Ow7b:x5CSu;Q6C5kf:pfdZCe;QGR0gd:Mlhmy;R2kc8b:ALJqWb;R4IIIb:QWfeKf;R9Ulx:CR7Ufe;RDNBlf:zPRCJb;SLtqO:Kh1xYe;SMDL4c:fTfGO;SNUn3:ZwDk9d,x8cHvb;ShpF6e:N0pvGc;TxfV6d:YORN0b;U96pRd:FsR04;UBKJZ:LGDJGb;UDrY1c:eps46d;UVmjEd:EesRsb;UyG7Kb:wQd0G;V2HTTe:RolTY;VGRfx:VFqbr;VN6jIc:ddQyuf;VOcgDe:YquhTb;VsAqSb:PGf2Re;VxQ32b:k0XsBb;WCEKNd:I46Hvd;WDGyFe:jcVOxd;Wfmdue:g3MJlb;XUezZ:sa7lqb;YV5bee:IvPZ6d;YkQtAf:rx8ur;ZMvdv:PHFPjb;ZSH6tc:QAvyLe;ZWEUA:afR4Cf;Zen4yb:jMF88c;a56pNe:JEfCwb;aAJE9c:WHW6Ef;aCJ9tf:qKftvc;aZ61od:arTwJ;af0EJf:ghinId;bDXwRe:UsyOtc;bFZ6gf:RsDQqe;bcPXSc:gSZLJb;cEt90b:ws9Tlc;cFTWae:gT8qnd;coJ8e:KvoW8;dIoSBb:ZgGg9b;dLlj2:Qqt3Gf;daB6be:lMxGPd;dtl0hd:lLQWFe;eBAeSb:Ck63tb;eBZ5Nd:VruDBd;eHDfl:ofjVkb;eO3lse:nFClrf;euOXY:OZjbQ;g8nkx:U4MzKc;gaub4:TN6bMe;gtVSi:ekUOYd;h3MYod:cEt90b;hK67qb:QWEO5b;heHB1:sFczq;hjRo6e:F62sG;hsLsYc:Vl118;iFQyKf:QIhFr,vfuNJf;imqimf:jKGL2e;io8t5d:sgY6Zb;jY0zg:Q6tNgc;k2Qxcb:XY51pe;kCQyJ:ueyPK;kMFpHd:OTA3Ae;kbAm9d:MkHyGd;lkq0A:JyBE3e;nAFL3:NTMZac,s39S4;nJw4Gd:dPFZH;oGtAuc:sOXFj;oSUNyd:fTfGO;oUlnpc:RagDlc;okUaUd:wItadb;pKJiXd:VCenhc;pNsl2d:j9Yuyc;pXdRYb:JKoKVe;pj82le:mg5CW;qGV2uc:HHi04c;qZx2Fc:j0xrE;qaS3gd:yiLg6e;qavrXe:zQzcXe;qddgKe:d7YSfd,x4FYXe;rQSrae:C6D5Fc;sP4Vbe:VwDzFe;sTsDMc:kHVSUb;sZmdvc:rdGEfc;tH4IIe:Ymry6;tosKvd:ZCqP3;trZL0b:qY8PFe;uY49fb:COQbmf;uknmt:GkPrzb;uuQkY:u2V3ud;vGrMZ:lPJJ0c;vfVwPd:lcrkwe;w3bZCb:ZPGaIb;w4rSdf:XKiZ9;w9w86d:dt4g2b;wQlYve:aLUfP;wR5FRb:O1Gjze,TtcOte;wV5Pjc:L8KGxe;whEZac:F4AmNb;xBbsrc:NEW1Qc;xbe2wc:wbTLEd;ysNiMc:CpIBjd;yxTchf:KUM7Z;z97YGf:oug9te;zOsCQe:Ko78Df;zaIgPb:Qtpxbd/m=Eox39d,GElbSc,HYSCof,Wct42,Wo3n8,aZyy4e,dWsYtd,msmzHf,myomPd,pHXghd,tIj4fb,w4UyN,xdV1C?xjs=s1:1884:54
kRb/<@https://www.google.com/xjs/_/js/k=xjs.s.pt_PT.x29awVzpiHM.O/ck=xjs.s.jrgA9fff2aU.L.F4.O/am=AOyBQgAAgACDBgQAAAAAAAAAAAAAAACQAABAAAAAAABBSiAIIAcAFCcbFAOAD3AIAAAACAEAwAEAUAJcBkoIUAACEgAAUCAI4PefAAAABwAAAAACMgECCICCCyABFARADhAAABABwzAAUgGAgSMAAACAACIAAAAG4MZ-AAQAAPYAQAAPCAQAIWDA8RsAKBABBAHkg4EAAIAAAAAA2gOA5wHDQQoPAAAAAAAAAAAAAABAABMEcyD9AQEQAAAAAAAAAAAAAAAAQErQicsTACAB/d=1/exm=SNUn3,attn,cEt90b,cdos,csi,d,dtl0hd,eHDfl,gwc,hsm,jsa,mb4ZUb,qddgKe,sTsDMc/excm=ABxRVc,AD6AIb,B0xr7b,CJucxe,CTwd8,CWOfE,CX5LId,Cl1Hgb,DwnPgd,FmnE6b,FuQWyc,GXyz1,IHnzse,JxE93,KYXthe,KiXlnd,NsEUGe,Oa7Qpb,Ok4XMd,P8fzEe,PE728b,PlCTlc,PoJj8d,QNvmne,RSlfle,SpjoE,TO0csb,U3Ovcc,UiPhkb,Ut0TMc,VL58m,VZLyBe,WFRJOb,WxJ6g,XHo6qe,XTkmZd,ZGLUZ,ZrXR8b,Zudxcb,adn7N,bXyZdf,cKV22c,eTv59e,fNMhz,fNbibc,gXm5Le,giyuec,jkRPje,kCkfUb,kOSi0d,m3AaXd,pIseB,pQk1fc,pqUxUc,qngJBf,r24bR,rL2AR,sU6eaf,smKWJb,tOQULd,tnnVDe,tzTB5,vJPFse,vbjdXc,vif6Hc,w7ysg,xB2dQd,y25qZb,yChgtb,ypVg7e,zoFt6e/ed=1/dg=0/ujg=1/rs=ACT90oFRmYknia9eYPojkVek3f3isbFn7w/ee=ALeJib:B8gLwd;AfeaP:TkrAjf;BMxAGc:E5bFse;BgS6mb:fidj5d;BjwMce:cXX2Wb;CxXAWb:YyRLvc;DM55c:imLrKe;DULqB:RKfG5c;Dkk6ge:wJqrrd;DpcR3d:zL72xf;EABSZ:MXZt9d;ESrPQc:mNTJvc;EVNhjf:pw70Gc;EmZ2Bf:zr1jrb;EnlcNd:WeHg4;Erl4fe:FloWmf;F9mqte:UoRcbe;Fmv9Nc:O1Tzwc;G0KhTb:LIaoZ;G6wU6e:hezEbd;GleZL:J1A7Od;HMDDWe:G8QUdb;HoYVKb:PkDN7e;HqeXPd:cmbnH;IBADCc:RYquRb;IZrNqe:P8ha2c;IoGlCf:b5lhvb;IsdWVc:qzxzOb;JXS8fb:Qj0suc;JbMT3:M25sS;JsbNhc:Xd8iUd;KOxcK:OZqGte;KQzWid:ZMKkN;KcokUb:KiuZBf;KpRAue:Tia57b;LBgRLc:SdcwHb,XVMNvd;LEikZe:byfTOb,lsjVmc;LsNahb:ucGLNb;Me32dd:MEeYgc;NPKaK:SdcwHb;NSEoX:lazG7b;Np8Qkd:Dpx6qc;Nyt6ic:jn2sGd;OgagBe:cNTe0;Oj465e:KG2eXe;OohIYe:mpEAQb;Pjplud:EEDORb,PoEs9b;PqHfGe:im2cZe;Q1Ow7b:x5CSu;Q6C5kf:pfdZCe;QGR0gd:Mlhmy;R2kc8b:ALJqWb;R4IIIb:QWfeKf;R9Ulx:CR7Ufe;RDNBlf:zPRCJb;SLtqO:Kh1xYe;SMDL4c:fTfGO;SNUn3:ZwDk9d,x8cHvb;ShpF6e:N0pvGc;TxfV6d:YORN0b;U96pRd:FsR04;UBKJZ:LGDJGb;UDrY1c:eps46d;UVmjEd:EesRsb;UyG7Kb:wQd0G;V2HTTe:RolTY;VGRfx:VFqbr;VN6jIc:ddQyuf;VOcgDe:YquhTb;VsAqSb:PGf2Re;VxQ32b:k0XsBb;WCEKNd:I46Hvd;WDGyFe:jcVOxd;Wfmdue:g3MJlb;XUezZ:sa7lqb;YV5bee:IvPZ6d;YkQtAf:rx8ur;ZMvdv:PHFPjb;ZSH6tc:QAvyLe;ZWEUA:afR4Cf;Zen4yb:jMF88c;a56pNe:JEfCwb;aAJE9c:WHW6Ef;aCJ9tf:qKftvc;aZ61od:arTwJ;af0EJf:ghinId;bDXwRe:UsyOtc;bFZ6gf:RsDQqe;bcPXSc:gSZLJb;cEt90b:ws9Tlc;cFTWae:gT8qnd;coJ8e:KvoW8;dIoSBb:ZgGg9b;dLlj2:Qqt3Gf;daB6be:lMxGPd;dtl0hd:lLQWFe;eBAeSb:Ck63tb;eBZ5Nd:VruDBd;eHDfl:ofjVkb;eO3lse:nFClrf;euOXY:OZjbQ;g8nkx:U4MzKc;gaub4:TN6bMe;gtVSi:ekUOYd;h3MYod:cEt90b;hK67qb:QWEO5b;heHB1:sFczq;hjRo6e:F62sG;hsLsYc:Vl118;iFQyKf:QIhFr,vfuNJf;imqimf:jKGL2e;io8t5d:sgY6Zb;jY0zg:Q6tNgc;k2Qxcb:XY51pe;kCQyJ:ueyPK;kMFpHd:OTA3Ae;kbAm9d:MkHyGd;lkq0A:JyBE3e;nAFL3:NTMZac,s39S4;nJw4Gd:dPFZH;oGtAuc:sOXFj;oSUNyd:fTfGO;oUlnpc:RagDlc;okUaUd:wItadb;pKJiXd:VCenhc;pNsl2d:j9Yuyc;pXdRYb:JKoKVe;pj82le:mg5CW;qGV2uc:HHi04c;qZx2Fc:j0xrE;qaS3gd:yiLg6e;qavrXe:zQzcXe;qddgKe:d7YSfd,x4FYXe;rQSrae:C6D5Fc;sP4Vbe:VwDzFe;sTsDMc:kHVSUb;sZmdvc:rdGEfc;tH4IIe:Ymry6;tosKvd:ZCqP3;trZL0b:qY8PFe;uY49fb:COQbmf;uknmt:GkPrzb;uuQkY:u2V3ud;vGrMZ:lPJJ0c;vfVwPd:lcrkwe;w3bZCb:ZPGaIb;w4rSdf:XKiZ9;w9w86d:dt4g2b;wQlYve:aLUfP;wR5FRb:O1Gjze,TtcOte;wV5Pjc:L8KGxe;whEZac:F4AmNb;xBbsrc:NEW1Qc;xbe2wc:wbTLEd;ysNiMc:CpIBjd;yxTchf:KUM7Z;z97YGf:oug9te;zOsCQe:Ko78Df;zaIgPb:Qtpxbd/m=Eox39d,GElbSc,HYSCof,Wct42,Wo3n8,aZyy4e,dWsYtd,msmzHf,myomPd,pHXghd,tIj4fb,w4UyN,xdV1C?xjs=s1:1882:232
wua@https://www.google.com/xjs/_/js/k=xjs.s.pt_PT.x29awVzpiHM.O/am=AAAAAAAAAAAAAAAAAAAAAAAAAAAAAAAAAABAAAAAAABASCAIAAAAFAcAAAEAAAAAAAAACAEAwAEAQAAcAEoIEAACEAAAUCAI4PefAAAAAAAAAAACMAEAAACACwAAFAQACBAAAAABAAAAQAEAAAAAAAAAAAAAAAAGIIB-AAAAAAAAAAAACAAAIGCA8AMACAABBAHgg4EAAIAAAAAA2gOA5wHDQQoPAAAAAAAAAAAAAABAABMEcyD9AQEQAAAAAAAAAAAAAAAAQErQicsTACAB/d=1/ed=1/dg=2/rs=ACT90oHftq-r5yd2TJkf8jr1dpnfLcHBHw/ee=ALeJib:B8gLwd;AfeaP:TkrAjf;BMxAGc:E5bFse;BgS6mb:fidj5d;BjwMce:cXX2Wb;CxXAWb:YyRLvc;DM55c:imLrKe;DULqB:RKfG5c;Dkk6ge:wJqrrd;DpcR3d:zL72xf;EABSZ:MXZt9d;ESrPQc:mNTJvc;EVNhjf:pw70Gc;EmZ2Bf:zr1jrb;EnlcNd:WeHg4;Erl4fe:FloWmf,FloWmf;F9mqte:UoRcbe;Fmv9Nc:O1Tzwc;G0KhTb:LIaoZ;G6wU6e:hezEbd;GleZL:J1A7Od;HMDDWe:G8QUdb;HoYVKb:PkDN7e;HqeXPd:cmbnH;IBADCc:RYquRb;IZrNqe:P8ha2c;IoGlCf:b5lhvb;IsdWVc:qzxzOb;JXS8fb:Qj0suc;JbMT3:M25sS;JsbNhc:Xd8iUd;KOxcK:OZqGte;KQzWid:ZMKkN;KcokUb:KiuZBf;KpRAue:Tia57b;LBgRLc:SdcwHb,XVMNvd;LEikZe:byfTOb,lsjVmc;LsNahb:ucGLNb;Me32dd:MEeYgc;NPKaK:SdcwHb;NSEoX:lazG7b;Np8Qkd:Dpx6qc;Nyt6ic:jn2sGd;OgagBe:cNTe0;Oj465e:KG2eXe,KG2eXe;OohIYe:mpEAQb;Pjplud:EEDORb,PoEs9b;PqHfGe:im2cZe;Q1Ow7b:x5CSu;Q6C5kf:pfdZCe;QGR0gd:Mlhmy;R2kc8b:ALJqWb;R4IIIb:QWfeKf;R9Ulx:CR7Ufe;RDNBlf:zPRCJb;SLtqO:Kh1xYe;SMDL4c:fTfGO,fTfGO;SNUn3:ZwDk9d,x8cHvb;ShpF6e:N0pvGc;TxfV6d:YORN0b;U96pRd:FsR04;UBKJZ:LGDJGb;UDrY1c:eps46d;UVmjEd:EesRsb;UyG7Kb:wQd0G;V2HTTe:RolTY;VGRfx:VFqbr;VN6jIc:ddQyuf;VOcgDe:YquhTb;VsAqSb:PGf2Re;VxQ32b:k0XsBb;WCEKNd:I46Hvd;WDGyFe:jcVOxd;Wfmdue:g3MJlb;XUezZ:sa7lqb;YV5bee:IvPZ6d;YkQtAf:rx8ur;ZMvdv:PHFPjb;ZSH6tc:QAvyLe;ZWEUA:afR4Cf;Zen4yb:jMF88c;a56pNe:JEfCwb;aAJE9c:WHW6Ef;aCJ9tf:qKftvc;aZ61od:arTwJ;af0EJf:ghinId;bDXwRe:UsyOtc;bFZ6gf:RsDQqe;bcPXSc:gSZLJb;cEt90b:ws9Tlc;cFTWae:gT8qnd;coJ8e:KvoW8;dIoSBb:ZgGg9b;dLlj2:Qqt3Gf;daB6be:lMxGPd;dtl0hd:lLQWFe;eBAeSb:Ck63tb;eBZ5Nd:VruDBd;eHDfl:ofjVkb;eO3lse:nFClrf;euOXY:OZjbQ;g8nkx:U4MzKc;gaub4:TN6bMe;gtVSi:ekUOYd;h3MYod:cEt90b;hK67qb:QWEO5b;heHB1:sFczq;hjRo6e:F62sG;hsLsYc:Vl118;iFQyKf:QIhFr,vfuNJf;imqimf:jKGL2e;io8t5d:sgY6Zb;jY0zg:Q6tNgc;k2Qxcb:XY51pe;kCQyJ:ueyPK;kMFpHd:OTA3Ae;kbAm9d:MkHyGd;lkq0A:JyBE3e;nAFL3:NTMZac,s39S4;nJw4Gd:dPFZH;oGtAuc:sOXFj;oSUNyd:fTfGO,fTfGO;oUlnpc:RagDlc;okUaUd:wItadb;pKJiXd:VCenhc;pNsl2d:j9Yuyc;pXdRYb:JKoKVe;pj82le:mg5CW;qGV2uc:HHi04c;qZx2Fc:j0xrE;qaS3gd:yiLg6e;qavrXe:zQzcXe;qddgKe:d7YSfd,x4FYXe;rQSrae:C6D5Fc;sP4Vbe:VwDzFe;sTsDMc:kHVSUb;sZmdvc:rdGEfc;tH4IIe:Ymry6;tosKvd:ZCqP3;trZL0b:qY8PFe;uY49fb:COQbmf;uknmt:GkPrzb;uuQkY:u2V3ud;vGrMZ:lPJJ0c;vfVwPd:lcrkwe;w3bZCb:ZPGaIb;w4rSdf:XKiZ9;w9w86d:dt4g2b;wQlYve:aLUfP;wR5FRb:O1Gjze,TtcOte;wV5Pjc:L8KGxe;whEZac:F4AmNb;xBbsrc:NEW1Qc;xbe2wc:wbTLEd;ysNiMc:CpIBjd;yxTchf:KUM7Z;z97YGf:oug9te;zOsCQe:Ko78Df;zaIgPb:Qtpxbd/m=attn,cdos,gwc,hsm,jsa,mb4ZUb,d,csi,cEt90b,SNUn3,qddgKe,sTsDMc,dtl0hd,eHDfl:314:43
yua/this.next@https://www.google.com/xjs/_/js/k=xjs.s.pt_PT.x29awVzpiHM.O/am=AAAAAAAAAAAAAAAAAAAAAAAAAAAAAAAAAABAAAAAAABASCAIAAAAFAcAAAEAAAAAAAAACAEAwAEAQAAcAEoIEAACEAAAUCAI4PefAAAAAAAAAAACMAEAAACACwAAFAQACBAAAAABAAAAQAEAAAAAAAAAAAAAAAAGIIB-AAAAAAAAAAAACAAAIGCA8AMACAABBAHgg4EAAIAAAAAA2gOA5wHDQQoPAAAAAAAAAAAAAABAABMEcyD9AQEQAAAAAAAAAAAAAAAAQErQicsTACAB/d=1/ed=1/dg=2/rs=ACT90oHftq-r5yd2TJkf8jr1dpnfLcHBHw/ee=ALeJib:B8gLwd;AfeaP:TkrAjf;BMxAGc:E5bFse;BgS6mb:fidj5d;BjwMce:cXX2Wb;CxXAWb:YyRLvc;DM55c:imLrKe;DULqB:RKfG5c;Dkk6ge:wJqrrd;DpcR3d:zL72xf;EABSZ:MXZt9d;ESrPQc:mNTJvc;EVNhjf:pw70Gc;EmZ2Bf:zr1jrb;EnlcNd:WeHg4;Erl4fe:FloWmf,FloWmf;F9mqte:UoRcbe;Fmv9Nc:O1Tzwc;G0KhTb:LIaoZ;G6wU6e:hezEbd;GleZL:J1A7Od;HMDDWe:G8QUdb;HoYVKb:PkDN7e;HqeXPd:cmbnH;IBADCc:RYquRb;IZrNqe:P8ha2c;IoGlCf:b5lhvb;IsdWVc:qzxzOb;JXS8fb:Qj0suc;JbMT3:M25sS;JsbNhc:Xd8iUd;KOxcK:OZqGte;KQzWid:ZMKkN;KcokUb:KiuZBf;KpRAue:Tia57b;LBgRLc:SdcwHb,XVMNvd;LEikZe:byfTOb,lsjVmc;LsNahb:ucGLNb;Me32dd:MEeYgc;NPKaK:SdcwHb;NSEoX:lazG7b;Np8Qkd:Dpx6qc;Nyt6ic:jn2sGd;OgagBe:cNTe0;Oj465e:KG2eXe,KG2eXe;OohIYe:mpEAQb;Pjplud:EEDORb,PoEs9b;PqHfGe:im2cZe;Q1Ow7b:x5CSu;Q6C5kf:pfdZCe;QGR0gd:Mlhmy;R2kc8b:ALJqWb;R4IIIb:QWfeKf;R9Ulx:CR7Ufe;RDNBlf:zPRCJb;SLtqO:Kh1xYe;SMDL4c:fTfGO,fTfGO;SNUn3:ZwDk9d,x8cHvb;ShpF6e:N0pvGc;TxfV6d:YORN0b;U96pRd:FsR04;UBKJZ:LGDJGb;UDrY1c:eps46d;UVmjEd:EesRsb;UyG7Kb:wQd0G;V2HTTe:RolTY;VGRfx:VFqbr;VN6jIc:ddQyuf;VOcgDe:YquhTb;VsAqSb:PGf2Re;VxQ32b:k0XsBb;WCEKNd:I46Hvd;WDGyFe:jcVOxd;Wfmdue:g3MJlb;XUezZ:sa7lqb;YV5bee:IvPZ6d;YkQtAf:rx8ur;ZMvdv:PHFPjb;ZSH6tc:QAvyLe;ZWEUA:afR4Cf;Zen4yb:jMF88c;a56pNe:JEfCwb;aAJE9c:WHW6Ef;aCJ9tf:qKftvc;aZ61od:arTwJ;af0EJf:ghinId;bDXwRe:UsyOtc;bFZ6gf:RsDQqe;bcPXSc:gSZLJb;cEt90b:ws9Tlc;cFTWae:gT8qnd;coJ8e:KvoW8;dIoSBb:ZgGg9b;dLlj2:Qqt3Gf;daB6be:lMxGPd;dtl0hd:lLQWFe;eBAeSb:Ck63tb;eBZ5Nd:VruDBd;eHDfl:ofjVkb;eO3lse:nFClrf;euOXY:OZjbQ;g8nkx:U4MzKc;gaub4:TN6bMe;gtVSi:ekUOYd;h3MYod:cEt90b;hK67qb:QWEO5b;heHB1:sFczq;hjRo6e:F62sG;hsLsYc:Vl118;iFQyKf:QIhFr,vfuNJf;imqimf:jKGL2e;io8t5d:sgY6Zb;jY0zg:Q6tNgc;k2Qxcb:XY51pe;kCQyJ:ueyPK;kMFpHd:OTA3Ae;kbAm9d:MkHyGd;lkq0A:JyBE3e;nAFL3:NTMZac,s39S4;nJw4Gd:dPFZH;oGtAuc:sOXFj;oSUNyd:fTfGO,fTfGO;oUlnpc:RagDlc;okUaUd:wItadb;pKJiXd:VCenhc;pNsl2d:j9Yuyc;pXdRYb:JKoKVe;pj82le:mg5CW;qGV2uc:HHi04c;qZx2Fc:j0xrE;qaS3gd:yiLg6e;qavrXe:zQzcXe;qddgKe:d7YSfd,x4FYXe;rQSrae:C6D5Fc;sP4Vbe:VwDzFe;sTsDMc:kHVSUb;sZmdvc:rdGEfc;tH4IIe:Ymry6;tosKvd:ZCqP3;trZL0b:qY8PFe;uY49fb:COQbmf;uknmt:GkPrzb;uuQkY:u2V3ud;vGrMZ:lPJJ0c;vfVwPd:lcrkwe;w3bZCb:ZPGaIb;w4rSdf:XKiZ9;w9w86d:dt4g2b;wQlYve:aLUfP;wR5FRb:O1Gjze,TtcOte;wV5Pjc:L8KGxe;whEZac:F4AmNb;xBbsrc:NEW1Qc;xbe2wc:wbTLEd;ysNiMc:CpIBjd;yxTchf:KUM7Z;z97YGf:oug9te;zOsCQe:Ko78Df;zaIgPb:Qtpxbd/m=attn,cdos,gwc,hsm,jsa,mb4ZUb,d,csi,cEt90b,SNUn3,qddgKe,sTsDMc,dtl0hd,eHDfl:315:103
zua/<@https://www.google.com/xjs/_/js/k=xjs.s.pt_PT.x29awVzpiHM.O/am=AAAAAAAAAAAAAAAAAAAAAAAAAAAAAAAAAABAAAAAAABASCAIAAAAFAcAAAEAAAAAAAAACAEAwAEAQAAcAEoIEAACEAAAUCAI4PefAAAAAAAAAAACMAEAAACACwAAFAQACBAAAAABAAAAQAEAAAAAAAAAAAAAAAAGIIB-AAAAAAAAAAAACAAAIGCA8AMACAABBAHgg4EAAIAAAAAA2gOA5wHDQQoPAAAAAAAAAAAAAABAABMEcyD9AQEQAAAAAAAAAAAAAAAAQErQicsTACAB/d=1/ed=1/dg=2/rs=ACT90oHftq-r5yd2TJkf8jr1dpnfLcHBHw/ee=ALeJib:B8gLwd;AfeaP:TkrAjf;BMxAGc:E5bFse;BgS6mb:fidj5d;BjwMce:cXX2Wb;CxXAWb:YyRLvc;DM55c:imLrKe;DULqB:RKfG5c;Dkk6ge:wJqrrd;DpcR3d:zL72xf;EABSZ:MXZt9d;ESrPQc:mNTJvc;EVNhjf:pw70Gc;EmZ2Bf:zr1jrb;EnlcNd:WeHg4;Erl4fe:FloWmf,FloWmf;F9mqte:UoRcbe;Fmv9Nc:O1Tzwc;G0KhTb:LIaoZ;G6wU6e:hezEbd;GleZL:J1A7Od;HMDDWe:G8QUdb;HoYVKb:PkDN7e;HqeXPd:cmbnH;IBADCc:RYquRb;IZrNqe:P8ha2c;IoGlCf:b5lhvb;IsdWVc:qzxzOb;JXS8fb:Qj0suc;JbMT3:M25sS;JsbNhc:Xd8iUd;KOxcK:OZqGte;KQzWid:ZMKkN;KcokUb:KiuZBf;KpRAue:Tia57b;LBgRLc:SdcwHb,XVMNvd;LEikZe:byfTOb,lsjVmc;LsNahb:ucGLNb;Me32dd:MEeYgc;NPKaK:SdcwHb;NSEoX:lazG7b;Np8Qkd:Dpx6qc;Nyt6ic:jn2sGd;OgagBe:cNTe0;Oj465e:KG2eXe,KG2eXe;OohIYe:mpEAQb;Pjplud:EEDORb,PoEs9b;PqHfGe:im2cZe;Q1Ow7b:x5CSu;Q6C5kf:pfdZCe;QGR0gd:Mlhmy;R2kc8b:ALJqWb;R4IIIb:QWfeKf;R9Ulx:CR7Ufe;RDNBlf:zPRCJb;SLtqO:Kh1xYe;SMDL4c:fTfGO,fTfGO;SNUn3:ZwDk9d,x8cHvb;ShpF6e:N0pvGc;TxfV6d:YORN0b;U96pRd:FsR04;UBKJZ:LGDJGb;UDrY1c:eps46d;UVmjEd:EesRsb;UyG7Kb:wQd0G;V2HTTe:RolTY;VGRfx:VFqbr;VN6jIc:ddQyuf;VOcgDe:YquhTb;VsAqSb:PGf2Re;VxQ32b:k0XsBb;WCEKNd:I46Hvd;WDGyFe:jcVOxd;Wfmdue:g3MJlb;XUezZ:sa7lqb;YV5bee:IvPZ6d;YkQtAf:rx8ur;ZMvdv:PHFPjb;ZSH6tc:QAvyLe;ZWEUA:afR4Cf;Zen4yb:jMF88c;a56pNe:JEfCwb;aAJE9c:WHW6Ef;aCJ9tf:qKftvc;aZ61od:arTwJ;af0EJf:ghinId;bDXwRe:UsyOtc;bFZ6gf:RsDQqe;bcPXSc:gSZLJb;cEt90b:ws9Tlc;cFTWae:gT8qnd;coJ8e:KvoW8;dIoSBb:ZgGg9b;dLlj2:Qqt3Gf;daB6be:lMxGPd;dtl0hd:lLQWFe;eBAeSb:Ck63tb;eBZ5Nd:VruDBd;eHDfl:ofjVkb;eO3lse:nFClrf;euOXY:OZjbQ;g8nkx:U4MzKc;gaub4:TN6bMe;gtVSi:ekUOYd;h3MYod:cEt90b;hK67qb:QWEO5b;heHB1:sFczq;hjRo6e:F62sG;hsLsYc:Vl118;iFQyKf:QIhFr,vfuNJf;imqimf:jKGL2e;io8t5d:sgY6Zb;jY0zg:Q6tNgc;k2Qxcb:XY51pe;kCQyJ:ueyPK;kMFpHd:OTA3Ae;kbAm9d:MkHyGd;lkq0A:JyBE3e;nAFL3:NTMZac,s39S4;nJw4Gd:dPFZH;oGtAuc:sOXFj;oSUNyd:fTfGO,fTfGO;oUlnpc:RagDlc;okUaUd:wItadb;pKJiXd:VCenhc;pNsl2d:j9Yuyc;pXdRYb:JKoKVe;pj82le:mg5CW;qGV2uc:HHi04c;qZx2Fc:j0xrE;qaS3gd:yiLg6e;qavrXe:zQzcXe;qddgKe:d7YSfd,x4FYXe;rQSrae:C6D5Fc;sP4Vbe:VwDzFe;sTsDMc:kHVSUb;sZmdvc:rdGEfc;tH4IIe:Ymry6;tosKvd:ZCqP3;trZL0b:qY8PFe;uY49fb:COQbmf;uknmt:GkPrzb;uuQkY:u2V3ud;vGrMZ:lPJJ0c;vfVwPd:lcrkwe;w3bZCb:ZPGaIb;w4rSdf:XKiZ9;w9w86d:dt4g2b;wQlYve:aLUfP;wR5FRb:O1Gjze,TtcOte;wV5Pjc:L8KGxe;whEZac:F4AmNb;xBbsrc:NEW1Qc;xbe2wc:wbTLEd;ysNiMc:CpIBjd;yxTchf:KUM7Z;z97YGf:oug9te;zOsCQe:Ko78Df;zaIgPb:Qtpxbd/m=attn,cdos,gwc,hsm,jsa,mb4ZUb,d,csi,cEt90b,SNUn3,qddgKe,sTsDMc,dtl0hd,eHDfl:316:194
zua@https://www.google.com/xjs/_/js/k=xjs.s.pt_PT.x29awVzpiHM.O/am=AAAAAAAAAAAAAAAAAAAAAAAAAAAAAAAAAABAAAAAAABASCAIAAAAFAcAAAEAAAAAAAAACAEAwAEAQAAcAEoIEAACEAAAUCAI4PefAAAAAAAAAAACMAEAAACACwAAFAQACBAAAAABAAAAQAEAAAAAAAAAAAAAAAAGIIB-AAAAAAAAAAAACAAAIGCA8AMACAABBAHgg4EAAIAAAAAA2gOA5wHDQQoPAAAAAAAAAAAAAABAABMEcyD9AQEQAAAAAAAAAAAAAAAAQErQicsTACAB/d=1/ed=1/dg=2/rs=ACT90oHftq-r5yd2TJkf8jr1dpnfLcHBHw/ee=ALeJib:B8gLwd;AfeaP:TkrAjf;BMxAGc:E5bFse;BgS6mb:fidj5d;BjwMce:cXX2Wb;CxXAWb:YyRLvc;DM55c:imLrKe;DULqB:RKfG5c;Dkk6ge:wJqrrd;DpcR3d:zL72xf;EABSZ:MXZt9d;ESrPQc:mNTJvc;EVNhjf:pw70Gc;EmZ2Bf:zr1jrb;EnlcNd:WeHg4;Erl4fe:FloWmf,FloWmf;F9mqte:UoRcbe;Fmv9Nc:O1Tzwc;G0KhTb:LIaoZ;G6wU6e:hezEbd;GleZL:J1A7Od;HMDDWe:G8QUdb;HoYVKb:PkDN7e;HqeXPd:cmbnH;IBADCc:RYquRb;IZrNqe:P8ha2c;IoGlCf:b5lhvb;IsdWVc:qzxzOb;JXS8fb:Qj0suc;JbMT3:M25sS;JsbNhc:Xd8iUd;KOxcK:OZqGte;KQzWid:ZMKkN;KcokUb:KiuZBf;KpRAue:Tia57b;LBgRLc:SdcwHb,XVMNvd;LEikZe:byfTOb,lsjVmc;LsNahb:ucGLNb;Me32dd:MEeYgc;NPKaK:SdcwHb;NSEoX:lazG7b;Np8Qkd:Dpx6qc;Nyt6ic:jn2sGd;OgagBe:cNTe0;Oj465e:KG2eXe,KG2eXe;OohIYe:mpEAQb;Pjplud:EEDORb,PoEs9b;PqHfGe:im2cZe;Q1Ow7b:x5CSu;Q6C5kf:pfdZCe;QGR0gd:Mlhmy;R2kc8b:ALJqWb;R4IIIb:QWfeKf;R9Ulx:CR7Ufe;RDNBlf:zPRCJb;SLtqO:Kh1xYe;SMDL4c:fTfGO,fTfGO;SNUn3:ZwDk9d,x8cHvb;ShpF6e:N0pvGc;TxfV6d:YORN0b;U96pRd:FsR04;UBKJZ:LGDJGb;UDrY1c:eps46d;UVmjEd:EesRsb;UyG7Kb:wQd0G;V2HTTe:RolTY;VGRfx:VFqbr;VN6jIc:ddQyuf;VOcgDe:YquhTb;VsAqSb:PGf2Re;VxQ32b:k0XsBb;WCEKNd:I46Hvd;WDGyFe:jcVOxd;Wfmdue:g3MJlb;XUezZ:sa7lqb;YV5bee:IvPZ6d;YkQtAf:rx8ur;ZMvdv:PHFPjb;ZSH6tc:QAvyLe;ZWEUA:afR4Cf;Zen4yb:jMF88c;a56pNe:JEfCwb;aAJE9c:WHW6Ef;aCJ9tf:qKftvc;aZ61od:arTwJ;af0EJf:ghinId;bDXwRe:UsyOtc;bFZ6gf:RsDQqe;bcPXSc:gSZLJb;cEt90b:ws9Tlc;cFTWae:gT8qnd;coJ8e:KvoW8;dIoSBb:ZgGg9b;dLlj2:Qqt3Gf;daB6be:lMxGPd;dtl0hd:lLQWFe;eBAeSb:Ck63tb;eBZ5Nd:VruDBd;eHDfl:ofjVkb;eO3lse:nFClrf;euOXY:OZjbQ;g8nkx:U4MzKc;gaub4:TN6bMe;gtVSi:ekUOYd;h3MYod:cEt90b;hK67qb:QWEO5b;heHB1:sFczq;hjRo6e:F62sG;hsLsYc:Vl118;iFQyKf:QIhFr,vfuNJf;imqimf:jKGL2e;io8t5d:sgY6Zb;jY0zg:Q6tNgc;k2Qxcb:XY51pe;kCQyJ:ueyPK;kMFpHd:OTA3Ae;kbAm9d:MkHyGd;lkq0A:JyBE3e;nAFL3:NTMZac,s39S4;nJw4Gd:dPFZH;oGtAuc:sOXFj;oSUNyd:fTfGO,fTfGO;oUlnpc:RagDlc;okUaUd:wItadb;pKJiXd:VCenhc;pNsl2d:j9Yuyc;pXdRYb:JKoKVe;pj82le:mg5CW;qGV2uc:HHi04c;qZx2Fc:j0xrE;qaS3gd:yiLg6e;qavrXe:zQzcXe;qddgKe:d7YSfd,x4FYXe;rQSrae:C6D5Fc;sP4Vbe:VwDzFe;sTsDMc:kHVSUb;sZmdvc:rdGEfc;tH4IIe:Ymry6;tosKvd:ZCqP3;trZL0b:qY8PFe;uY49fb:COQbmf;uknmt:GkPrzb;uuQkY:u2V3ud;vGrMZ:lPJJ0c;vfVwPd:lcrkwe;w3bZCb:ZPGaIb;w4rSdf:XKiZ9;w9w86d:dt4g2b;wQlYve:aLUfP;wR5FRb:O1Gjze,TtcOte;wV5Pjc:L8KGxe;whEZac:F4AmNb;xBbsrc:NEW1Qc;xbe2wc:wbTLEd;ysNiMc:CpIBjd;yxTchf:KUM7Z;z97YGf:oug9te;zOsCQe:Ko78Df;zaIgPb:Qtpxbd/m=attn,cdos,gwc,hsm,jsa,mb4ZUb,d,csi,cEt90b,SNUn3,qddgKe,sTsDMc,dtl0hd,eHDfl:316:87
_.Gg@https://www.google.com/xjs/_/js/k=xjs.s.pt_PT.x29awVzpiHM.O/am=AAAAAAAAAAAAAAAAAAAAAAAAAAAAAAAAAABAAAAAAABASCAIAAAAFAcAAAEAAAAAAAAACAEAwAEAQAAcAEoIEAACEAAAUCAI4PefAAAAAAAAAAACMAEAAACACwAAFAQACBAAAAABAAAAQAEAAAAAAAAAAAAAAAAGIIB-AAAAAAAAAAAACAAAIGCA8AMACAABBAHgg4EAAIAAAAAA2gOA5wHDQQoPAAAAAAAAAAAAAABAABMEcyD9AQEQAAAAAAAAAAAAAAAAQErQicsTACAB/d=1/ed=1/dg=2/rs=ACT90oHftq-r5yd2TJkf8jr1dpnfLcHBHw/ee=ALeJib:B8gLwd;AfeaP:TkrAjf;BMxAGc:E5bFse;BgS6mb:fidj5d;BjwMce:cXX2Wb;CxXAWb:YyRLvc;DM55c:imLrKe;DULqB:RKfG5c;Dkk6ge:wJqrrd;DpcR3d:zL72xf;EABSZ:MXZt9d;ESrPQc:mNTJvc;EVNhjf:pw70Gc;EmZ2Bf:zr1jrb;EnlcNd:WeHg4;Erl4fe:FloWmf,FloWmf;F9mqte:UoRcbe;Fmv9Nc:O1Tzwc;G0KhTb:LIaoZ;G6wU6e:hezEbd;GleZL:J1A7Od;HMDDWe:G8QUdb;HoYVKb:PkDN7e;HqeXPd:cmbnH;IBADCc:RYquRb;IZrNqe:P8ha2c;IoGlCf:b5lhvb;IsdWVc:qzxzOb;JXS8fb:Qj0suc;JbMT3:M25sS;JsbNhc:Xd8iUd;KOxcK:OZqGte;KQzWid:ZMKkN;KcokUb:KiuZBf;KpRAue:Tia57b;LBgRLc:SdcwHb,XVMNvd;LEikZe:byfTOb,lsjVmc;LsNahb:ucGLNb;Me32dd:MEeYgc;NPKaK:SdcwHb;NSEoX:lazG7b;Np8Qkd:Dpx6qc;Nyt6ic:jn2sGd;OgagBe:cNTe0;Oj465e:KG2eXe,KG2eXe;OohIYe:mpEAQb;Pjplud:EEDORb,PoEs9b;PqHfGe:im2cZe;Q1Ow7b:x5CSu;Q6C5kf:pfdZCe;QGR0gd:Mlhmy;R2kc8b:ALJqWb;R4IIIb:QWfeKf;R9Ulx:CR7Ufe;RDNBlf:zPRCJb;SLtqO:Kh1xYe;SMDL4c:fTfGO,fTfGO;SNUn3:ZwDk9d,x8cHvb;ShpF6e:N0pvGc;TxfV6d:YORN0b;U96pRd:FsR04;UBKJZ:LGDJGb;UDrY1c:eps46d;UVmjEd:EesRsb;UyG7Kb:wQd0G;V2HTTe:RolTY;VGRfx:VFqbr;VN6jIc:ddQyuf;VOcgDe:YquhTb;VsAqSb:PGf2Re;VxQ32b:k0XsBb;WCEKNd:I46Hvd;WDGyFe:jcVOxd;Wfmdue:g3MJlb;XUezZ:sa7lqb;YV5bee:IvPZ6d;YkQtAf:rx8ur;ZMvdv:PHFPjb;ZSH6tc:QAvyLe;ZWEUA:afR4Cf;Zen4yb:jMF88c;a56pNe:JEfCwb;aAJE9c:WHW6Ef;aCJ9tf:qKftvc;aZ61od:arTwJ;af0EJf:ghinId;bDXwRe:UsyOtc;bFZ6gf:RsDQqe;bcPXSc:gSZLJb;cEt90b:ws9Tlc;cFTWae:gT8qnd;coJ8e:KvoW8;dIoSBb:ZgGg9b;dLlj2:Qqt3Gf;daB6be:lMxGPd;dtl0hd:lLQWFe;eBAeSb:Ck63tb;eBZ5Nd:VruDBd;eHDfl:ofjVkb;eO3lse:nFClrf;euOXY:OZjbQ;g8nkx:U4MzKc;gaub4:TN6bMe;gtVSi:ekUOYd;h3MYod:cEt90b;hK67qb:QWEO5b;heHB1:sFczq;hjRo6e:F62sG;hsLsYc:Vl118;iFQyKf:QIhFr,vfuNJf;imqimf:jKGL2e;io8t5d:sgY6Zb;jY0zg:Q6tNgc;k2Qxcb:XY51pe;kCQyJ:ueyPK;kMFpHd:OTA3Ae;kbAm9d:MkHyGd;lkq0A:JyBE3e;nAFL3:NTMZac,s39S4;nJw4Gd:dPFZH;oGtAuc:sOXFj;oSUNyd:fTfGO,fTfGO;oUlnpc:RagDlc;okUaUd:wItadb;pKJiXd:VCenhc;pNsl2d:j9Yuyc;pXdRYb:JKoKVe;pj82le:mg5CW;qGV2uc:HHi04c;qZx2Fc:j0xrE;qaS3gd:yiLg6e;qavrXe:zQzcXe;qddgKe:d7YSfd,x4FYXe;rQSrae:C6D5Fc;sP4Vbe:VwDzFe;sTsDMc:kHVSUb;sZmdvc:rdGEfc;tH4IIe:Ymry6;tosKvd:ZCqP3;trZL0b:qY8PFe;uY49fb:COQbmf;uknmt:GkPrzb;uuQkY:u2V3ud;vGrMZ:lPJJ0c;vfVwPd:lcrkwe;w3bZCb:ZPGaIb;w4rSdf:XKiZ9;w9w86d:dt4g2b;wQlYve:aLUfP;wR5FRb:O1Gjze,TtcOte;wV5Pjc:L8KGxe;whEZac:F4AmNb;xBbsrc:NEW1Qc;xbe2wc:wbTLEd;ysNiMc:CpIBjd;yxTchf:KUM7Z;z97YGf:oug9te;zOsCQe:Ko78Df;zaIgPb:Qtpxbd/m=attn,cdos,gwc,hsm,jsa,mb4ZUb,d,csi,cEt90b,SNUn3,qddgKe,sTsDMc,dtl0hd,eHDfl:316:229
kRb@https://www.google.com/xjs/_/js/k=xjs.s.pt_PT.x29awVzpiHM.O/ck=xjs.s.jrgA9fff2aU.L.F4.O/am=AOyBQgAAgACDBgQAAAAAAAAAAAAAAACQAABAAAAAAABBSiAIIAcAFCcbFAOAD3AIAAAACAEAwAEAUAJcBkoIUAACEgAAUCAI4PefAAAABwAAAAACMgECCICCCyABFARADhAAABABwzAAUgGAgSMAAACAACIAAAAG4MZ-AAQAAPYAQAAPCAQAIWDA8RsAKBABBAHkg4EAAIAAAAAA2gOA5wHDQQoPAAAAAAAAAAAAAABAABMEcyD9AQEQAAAAAAAAAAAAAAAAQErQicsTACAB/d=1/exm=SNUn3,attn,cEt90b,cdos,csi,d,dtl0hd,eHDfl,gwc,hsm,jsa,mb4ZUb,qddgKe,sTsDMc/excm=ABxRVc,AD6AIb,B0xr7b,CJucxe,CTwd8,CWOfE,CX5LId,Cl1Hgb,DwnPgd,FmnE6b,FuQWyc,GXyz1,IHnzse,JxE93,KYXthe,KiXlnd,NsEUGe,Oa7Qpb,Ok4XMd,P8fzEe,PE728b,PlCTlc,PoJj8d,QNvmne,RSlfle,SpjoE,TO0csb,U3Ovcc,UiPhkb,Ut0TMc,VL58m,VZLyBe,WFRJOb,WxJ6g,XHo6qe,XTkmZd,ZGLUZ,ZrXR8b,Zudxcb,adn7N,bXyZdf,cKV22c,eTv59e,fNMhz,fNbibc,gXm5Le,giyuec,jkRPje,kCkfUb,kOSi0d,m3AaXd,pIseB,pQk1fc,pqUxUc,qngJBf,r24bR,rL2AR,sU6eaf,smKWJb,tOQULd,tnnVDe,tzTB5,vJPFse,vbjdXc,vif6Hc,w7ysg,xB2dQd,y25qZb,yChgtb,ypVg7e,zoFt6e/ed=1/dg=0/ujg=1/rs=ACT90oFRmYknia9eYPojkVek3f3isbFn7w/ee=ALeJib:B8gLwd;AfeaP:TkrAjf;BMxAGc:E5bFse;BgS6mb:fidj5d;BjwMce:cXX2Wb;CxXAWb:YyRLvc;DM55c:imLrKe;DULqB:RKfG5c;Dkk6ge:wJqrrd;DpcR3d:zL72xf;EABSZ:MXZt9d;ESrPQc:mNTJvc;EVNhjf:pw70Gc;EmZ2Bf:zr1jrb;EnlcNd:WeHg4;Erl4fe:FloWmf;F9mqte:UoRcbe;Fmv9Nc:O1Tzwc;G0KhTb:LIaoZ;G6wU6e:hezEbd;GleZL:J1A7Od;HMDDWe:G8QUdb;HoYVKb:PkDN7e;HqeXPd:cmbnH;IBADCc:RYquRb;IZrNqe:P8ha2c;IoGlCf:b5lhvb;IsdWVc:qzxzOb;JXS8fb:Qj0suc;JbMT3:M25sS;JsbNhc:Xd8iUd;KOxcK:OZqGte;KQzWid:ZMKkN;KcokUb:KiuZBf;KpRAue:Tia57b;LBgRLc:SdcwHb,XVMNvd;LEikZe:byfTOb,lsjVmc;LsNahb:ucGLNb;Me32dd:MEeYgc;NPKaK:SdcwHb;NSEoX:lazG7b;Np8Qkd:Dpx6qc;Nyt6ic:jn2sGd;OgagBe:cNTe0;Oj465e:KG2eXe;OohIYe:mpEAQb;Pjplud:EEDORb,PoEs9b;PqHfGe:im2cZe;Q1Ow7b:x5CSu;Q6C5kf:pfdZCe;QGR0gd:Mlhmy;R2kc8b:ALJqWb;R4IIIb:QWfeKf;R9Ulx:CR7Ufe;RDNBlf:zPRCJb;SLtqO:Kh1xYe;SMDL4c:fTfGO;SNUn3:ZwDk9d,x8cHvb;ShpF6e:N0pvGc;TxfV6d:YORN0b;U96pRd:FsR04;UBKJZ:LGDJGb;UDrY1c:eps46d;UVmjEd:EesRsb;UyG7Kb:wQd0G;V2HTTe:RolTY;VGRfx:VFqbr;VN6jIc:ddQyuf;VOcgDe:YquhTb;VsAqSb:PGf2Re;VxQ32b:k0XsBb;WCEKNd:I46Hvd;WDGyFe:jcVOxd;Wfmdue:g3MJlb;XUezZ:sa7lqb;YV5bee:IvPZ6d;YkQtAf:rx8ur;ZMvdv:PHFPjb;ZSH6tc:QAvyLe;ZWEUA:afR4Cf;Zen4yb:jMF88c;a56pNe:JEfCwb;aAJE9c:WHW6Ef;aCJ9tf:qKftvc;aZ61od:arTwJ;af0EJf:ghinId;bDXwRe:UsyOtc;bFZ6gf:RsDQqe;bcPXSc:gSZLJb;cEt90b:ws9Tlc;cFTWae:gT8qnd;coJ8e:KvoW8;dIoSBb:ZgGg9b;dLlj2:Qqt3Gf;daB6be:lMxGPd;dtl0hd:lLQWFe;eBAeSb:Ck63tb;eBZ5Nd:VruDBd;eHDfl:ofjVkb;eO3lse:nFClrf;euOXY:OZjbQ;g8nkx:U4MzKc;gaub4:TN6bMe;gtVSi:ekUOYd;h3MYod:cEt90b;hK67qb:QWEO5b;heHB1:sFczq;hjRo6e:F62sG;hsLsYc:Vl118;iFQyKf:QIhFr,vfuNJf;imqimf:jKGL2e;io8t5d:sgY6Zb;jY0zg:Q6tNgc;k2Qxcb:XY51pe;kCQyJ:ueyPK;kMFpHd:OTA3Ae;kbAm9d:MkHyGd;lkq0A:JyBE3e;nAFL3:NTMZac,s39S4;nJw4Gd:dPFZH;oGtAuc:sOXFj;oSUNyd:fTfGO;oUlnpc:RagDlc;okUaUd:wItadb;pKJiXd:VCenhc;pNsl2d:j9Yuyc;pXdRYb:JKoKVe;pj82le:mg5CW;qGV2uc:HHi04c;qZx2Fc:j0xrE;qaS3gd:yiLg6e;qavrXe:zQzcXe;qddgKe:d7YSfd,x4FYXe;rQSrae:C6D5Fc;sP4Vbe:VwDzFe;sTsDMc:kHVSUb;sZmdvc:rdGEfc;tH4IIe:Ymry6;tosKvd:ZCqP3;trZL0b:qY8PFe;uY49fb:COQbmf;uknmt:GkPrzb;uuQkY:u2V3ud;vGrMZ:lPJJ0c;vfVwPd:lcrkwe;w3bZCb:ZPGaIb;w4rSdf:XKiZ9;w9w86d:dt4g2b;wQlYve:aLUfP;wR5FRb:O1Gjze,TtcOte;wV5Pjc:L8KGxe;whEZac:F4AmNb;xBbsrc:NEW1Qc;xbe2wc:wbTLEd;ysNiMc:CpIBjd;yxTchf:KUM7Z;z97YGf:oug9te;zOsCQe:Ko78Df;zaIgPb:Qtpxbd/m=Eox39d,GElbSc,HYSCof,Wct42,Wo3n8,aZyy4e,dWsYtd,msmzHf,myomPd,pHXghd,tIj4fb,w4UyN,xdV1C?xjs=s1:1882:48
_.mRb@https://www.google.com/xjs/_/js/k=xjs.s.pt_PT.x29awVzpiHM.O/ck=xjs.s.jrgA9fff2aU.L.F4.O/am=AOyBQgAAgACDBgQAAAAAAAAAAAAAAACQAABAAAAAAABBSiAIIAcAFCcbFAOAD3AIAAAACAEAwAEAUAJcBkoIUAACEgAAUCAI4PefAAAABwAAAAACMgECCICCCyABFARADhAAABABwzAAUgGAgSMAAACAACIAAAAG4MZ-AAQAAPYAQAAPCAQAIWDA8RsAKBABBAHkg4EAAIAAAAAA2gOA5wHDQQoPAAAAAAAAAAAAAABAABMEcyD9AQEQAAAAAAAAAAAAAAAAQErQicsTACAB/d=1/exm=SNUn3,attn,cEt90b,cdos,csi,d,dtl0hd,eHDfl,gwc,hsm,jsa,mb4ZUb,qddgKe,sTsDMc/excm=ABxRVc,AD6AIb,B0xr7b,CJucxe,CTwd8,CWOfE,CX5LId,Cl1Hgb,DwnPgd,FmnE6b,FuQWyc,GXyz1,IHnzse,JxE93,KYXthe,KiXlnd,NsEUGe,Oa7Qpb,Ok4XMd,P8fzEe,PE728b,PlCTlc,PoJj8d,QNvmne,RSlfle,SpjoE,TO0csb,U3Ovcc,UiPhkb,Ut0TMc,VL58m,VZLyBe,WFRJOb,WxJ6g,XHo6qe,XTkmZd,ZGLUZ,ZrXR8b,Zudxcb,adn7N,bXyZdf,cKV22c,eTv59e,fNMhz,fNbibc,gXm5Le,giyuec,jkRPje,kCkfUb,kOSi0d,m3AaXd,pIseB,pQk1fc,pqUxUc,qngJBf,r24bR,rL2AR,sU6eaf,smKWJb,tOQULd,tnnVDe,tzTB5,vJPFse,vbjdXc,vif6Hc,w7ysg,xB2dQd,y25qZb,yChgtb,ypVg7e,zoFt6e/ed=1/dg=0/ujg=1/rs=ACT90oFRmYknia9eYPojkVek3f3isbFn7w/ee=ALeJib:B8gLwd;AfeaP:TkrAjf;BMxAGc:E5bFse;BgS6mb:fidj5d;BjwMce:cXX2Wb;CxXAWb:YyRLvc;DM55c:imLrKe;DULqB:RKfG5c;Dkk6ge:wJqrrd;DpcR3d:zL72xf;EABSZ:MXZt9d;ESrPQc:mNTJvc;EVNhjf:pw70Gc;EmZ2Bf:zr1jrb;EnlcNd:WeHg4;Erl4fe:FloWmf;F9mqte:UoRcbe;Fmv9Nc:O1Tzwc;G0KhTb:LIaoZ;G6wU6e:hezEbd;GleZL:J1A7Od;HMDDWe:G8QUdb;HoYVKb:PkDN7e;HqeXPd:cmbnH;IBADCc:RYquRb;IZrNqe:P8ha2c;IoGlCf:b5lhvb;IsdWVc:qzxzOb;JXS8fb:Qj0suc;JbMT3:M25sS;JsbNhc:Xd8iUd;KOxcK:OZqGte;KQzWid:ZMKkN;KcokUb:KiuZBf;KpRAue:Tia57b;LBgRLc:SdcwHb,XVMNvd;LEikZe:byfTOb,lsjVmc;LsNahb:ucGLNb;Me32dd:MEeYgc;NPKaK:SdcwHb;NSEoX:lazG7b;Np8Qkd:Dpx6qc;Nyt6ic:jn2sGd;OgagBe:cNTe0;Oj465e:KG2eXe;OohIYe:mpEAQb;Pjplud:EEDORb,PoEs9b;PqHfGe:im2cZe;Q1Ow7b:x5CSu;Q6C5kf:pfdZCe;QGR0gd:Mlhmy;R2kc8b:ALJqWb;R4IIIb:QWfeKf;R9Ulx:CR7Ufe;RDNBlf:zPRCJb;SLtqO:Kh1xYe;SMDL4c:fTfGO;SNUn3:ZwDk9d,x8cHvb;ShpF6e:N0pvGc;TxfV6d:YORN0b;U96pRd:FsR04;UBKJZ:LGDJGb;UDrY1c:eps46d;UVmjEd:EesRsb;UyG7Kb:wQd0G;V2HTTe:RolTY;VGRfx:VFqbr;VN6jIc:ddQyuf;VOcgDe:YquhTb;VsAqSb:PGf2Re;VxQ32b:k0XsBb;WCEKNd:I46Hvd;WDGyFe:jcVOxd;Wfmdue:g3MJlb;XUezZ:sa7lqb;YV5bee:IvPZ6d;YkQtAf:rx8ur;ZMvdv:PHFPjb;ZSH6tc:QAvyLe;ZWEUA:afR4Cf;Zen4yb:jMF88c;a56pNe:JEfCwb;aAJE9c:WHW6Ef;aCJ9tf:qKftvc;aZ61od:arTwJ;af0EJf:ghinId;bDXwRe:UsyOtc;bFZ6gf:RsDQqe;bcPXSc:gSZLJb;cEt90b:ws9Tlc;cFTWae:gT8qnd;coJ8e:KvoW8;dIoSBb:ZgGg9b;dLlj2:Qqt3Gf;daB6be:lMxGPd;dtl0hd:lLQWFe;eBAeSb:Ck63tb;eBZ5Nd:VruDBd;eHDfl:ofjVkb;eO3lse:nFClrf;euOXY:OZjbQ;g8nkx:U4MzKc;gaub4:TN6bMe;gtVSi:ekUOYd;h3MYod:cEt90b;hK67qb:QWEO5b;heHB1:sFczq;hjRo6e:F62sG;hsLsYc:Vl118;iFQyKf:QIhFr,vfuNJf;imqimf:jKGL2e;io8t5d:sgY6Zb;jY0zg:Q6tNgc;k2Qxcb:XY51pe;kCQyJ:ueyPK;kMFpHd:OTA3Ae;kbAm9d:MkHyGd;lkq0A:JyBE3e;nAFL3:NTMZac,s39S4;nJw4Gd:dPFZH;oGtAuc:sOXFj;oSUNyd:fTfGO;oUlnpc:RagDlc;okUaUd:wItadb;pKJiXd:VCenhc;pNsl2d:j9Yuyc;pXdRYb:JKoKVe;pj82le:mg5CW;qGV2uc:HHi04c;qZx2Fc:j0xrE;qaS3gd:yiLg6e;qavrXe:zQzcXe;qddgKe:d7YSfd,x4FYXe;rQSrae:C6D5Fc;sP4Vbe:VwDzFe;sTsDMc:kHVSUb;sZmdvc:rdGEfc;tH4IIe:Ymry6;tosKvd:ZCqP3;trZL0b:qY8PFe;uY49fb:COQbmf;uknmt:GkPrzb;uuQkY:u2V3ud;vGrMZ:lPJJ0c;vfVwPd:lcrkwe;w3bZCb:ZPGaIb;w4rSdf:XKiZ9;w9w86d:dt4g2b;wQlYve:aLUfP;wR5FRb:O1Gjze,TtcOte;wV5Pjc:L8KGxe;whEZac:F4AmNb;xBbsrc:NEW1Qc;xbe2wc:wbTLEd;ysNiMc:CpIBjd;yxTchf:KUM7Z;z97YGf:oug9te;zOsCQe:Ko78Df;zaIgPb:Qtpxbd/m=Eox39d,GElbSc,HYSCof,Wct42,Wo3n8,aZyy4e,dWsYtd,msmzHf,myomPd,pHXghd,tIj4fb,w4UyN,xdV1C?xjs=s1:1881:311
G4w@https://www.google.com/xjs/_/js/k=xjs.s.pt_PT.x29awVzpiHM.O/am=AAAAAAAAAAAAAAAAAAAAAAAAAAAAAAAAAABAAAAAAABASCAIAAAAFAcAAAEAAAAAAAAACAEAwAEAQAAcAEoIEAACEAAAUCAI4PefAAAAAAAAAAACMAEAAACACwAAFAQACBAAAAABAAAAQAEAAAAAAAAAAAAAAAAGIIB-AAAAAAAAAAAACAAAIGCA8AMACAABBAHgg4EAAIAAAAAA2gOA5wHDQQoPAAAAAAAAAAAAAABAABMEcyD9AQEQAAAAAAAAAAAAAAAAQErQicsTACAB/d=0/dg=0/rs=ACT90oHftq-r5yd2TJkf8jr1dpnfLcHBHw/m=sb_wiz,aa,abd,sy27m,async,sy1fl,bgd,sy4qi,sy4qh,foot,sy2vx,kyn,sy1p2,lli,sy70o,sy13z,sy13e,sy70w,sy70u,sy70x,sy70v,lr,sf,TxCJfd,sy75z,qzxzOb,IsdWVc,sy19y,syf1,sy761,sy1bp,sy1bs,sy1bv,spch,sy1lf,sy1lg,sy3nn,tl,sy2y2,sy2y0,sy1fv,sy1fx,sy2y1,sy11s,EkevXb,syq8,L1AAkb,sy26c,fiAufb,sy1m7,SZXsif,sy53c,sy4rq,sy4rp,sypc,sYEX8b,sy7ex,sy61v,J1xNHb,sy1in,sy1hw,sy1g9,sy1g8,sy1g5,sy17a,sy155,sy153,sy150,sy14z,sy14w,sy157,sy1gc,sy15s,sy15k,sy15j,sy15i,sy15h,sy15d,sy15e,sy15p,sy15o,sy15n,sy15m,sy15q,sy1ij,Zilivc,E9M6Uc,sy15r,NO84gd,b5lhvb,IoGlCf,sy14g,sy14f,C8HsP,sy15w,sy15v,sy15t,gOTY1,sy167,sy164,sy165,sy160,sy1fi,sy1fh,sy1bc,sy1bb,sy15z,sy12y,syy6,syoe,sy1b8,sy1bd,sy163,sy161,sy159,PbHo4e,sy3el,sy3ei,sx3ZWd,RagDlc,oUlnpc,sy7au,sy769,sy76a,sy5xs,sy1h2,syow,syp2,syp0,syov,syp5,syox,syoy,syp3,Da4hkd,sy2wm,fVaWL,sy5xq,xfmZMb,sy1h3,sy1h0,sy1gy,sy1gx,sy1gw,sy1gq,sy1gv,sy1gu,syp4,sy1gs,sy1gr,syo8,aD8OEe,sy3en,oWVrne,sy3em,ROaKxe,sy3eh,vRe0ve,sy3eg,pj8IAe,sy3er,sy3eq,sy2jf,sy2jg,sy1pp,sy1pm,sy1pn,sy1po,sy1pr,sy1p9,sy1ou,sy1o2,ogmBcd,sy4cd,Gg40M,sy4dz,GU4Gab,sy1s4,sy11r,sy31h,sy31p,sy31o,sy31g,sy31m,sy31l,KHourd,sy5mc,vrkJ0e,sy3in,T5VV,sy292,aDVF7,sy5in,rhYw1b,syhIed,M6QgBb,sy1if,sy1ii,sy1ih,sy1ig,sy1i3,sy1ht,sy1gb,sy1ie,sy1hy,EO13pd,MpJwZc,UUJqVe,sy7u,sOXFj,sy7t,s39S4,oGtAuc,NTMZac,nAFL3,sy8o,sy8n,q0xTif,y05UD,sy770,sy24h,sy1xf,sy17y,sy1xe,sy1xg,sy185,syu2,sy437,sy24j,sy1xp,sy18u,sy17x,sy17w,sy16z,sy184,sy1xo,sy1bx,sy18p,sy1xn,sy1t8,sy1xm,sy1xl,sy1xd,sy1xq,sy186,sy438,sy2rq,sy2w4,sy2aj,sy2ak,sy1yv,sy1xi,sy22z,sy1z1,sy1xv,sy1xt,sy230,sy222,sy223,sy1os,sy1ot,epYOx?xjs=s4:1207:464
G4w/</<@https://www.google.com/xjs/_/js/k=xjs.s.pt_PT.x29awVzpiHM.O/am=AAAAAAAAAAAAAAAAAAAAAAAAAAAAAAAAAABAAAAAAABASCAIAAAAFAcAAAEAAAAAAAAACAEAwAEAQAAcAEoIEAACEAAAUCAI4PefAAAAAAAAAAACMAEAAACACwAAFAQACBAAAAABAAAAQAEAAAAAAAAAAAAAAAAGIIB-AAAAAAAAAAAACAAAIGCA8AMACAABBAHgg4EAAIAAAAAA2gOA5wHDQQoPAAAAAAAAAAAAAABAABMEcyD9AQEQAAAAAAAAAAAAAAAAQErQicsTACAB/d=0/dg=0/rs=ACT90oHftq-r5yd2TJkf8jr1dpnfLcHBHw/m=sb_wiz,aa,abd,sy27m,async,sy1fl,bgd,sy4qi,sy4qh,foot,sy2vx,kyn,sy1p2,lli,sy70o,sy13z,sy13e,sy70w,sy70u,sy70x,sy70v,lr,sf,TxCJfd,sy75z,qzxzOb,IsdWVc,sy19y,syf1,sy761,sy1bp,sy1bs,sy1bv,spch,sy1lf,sy1lg,sy3nn,tl,sy2y2,sy2y0,sy1fv,sy1fx,sy2y1,sy11s,EkevXb,syq8,L1AAkb,sy26c,fiAufb,sy1m7,SZXsif,sy53c,sy4rq,sy4rp,sypc,sYEX8b,sy7ex,sy61v,J1xNHb,sy1in,sy1hw,sy1g9,sy1g8,sy1g5,sy17a,sy155,sy153,sy150,sy14z,sy14w,sy157,sy1gc,sy15s,sy15k,sy15j,sy15i,sy15h,sy15d,sy15e,sy15p,sy15o,sy15n,sy15m,sy15q,sy1ij,Zilivc,E9M6Uc,sy15r,NO84gd,b5lhvb,IoGlCf,sy14g,sy14f,C8HsP,sy15w,sy15v,sy15t,gOTY1,sy167,sy164,sy165,sy160,sy1fi,sy1fh,sy1bc,sy1bb,sy15z,sy12y,syy6,syoe,sy1b8,sy1bd,sy163,sy161,sy159,PbHo4e,sy3el,sy3ei,sx3ZWd,RagDlc,oUlnpc,sy7au,sy769,sy76a,sy5xs,sy1h2,syow,syp2,syp0,syov,syp5,syox,syoy,syp3,Da4hkd,sy2wm,fVaWL,sy5xq,xfmZMb,sy1h3,sy1h0,sy1gy,sy1gx,sy1gw,sy1gq,sy1gv,sy1gu,syp4,sy1gs,sy1gr,syo8,aD8OEe,sy3en,oWVrne,sy3em,ROaKxe,sy3eh,vRe0ve,sy3eg,pj8IAe,sy3er,sy3eq,sy2jf,sy2jg,sy1pp,sy1pm,sy1pn,sy1po,sy1pr,sy1p9,sy1ou,sy1o2,ogmBcd,sy4cd,Gg40M,sy4dz,GU4Gab,sy1s4,sy11r,sy31h,sy31p,sy31o,sy31g,sy31m,sy31l,KHourd,sy5mc,vrkJ0e,sy3in,T5VV,sy292,aDVF7,sy5in,rhYw1b,syhIed,M6QgBb,sy1if,sy1ii,sy1ih,sy1ig,sy1i3,sy1ht,sy1gb,sy1ie,sy1hy,EO13pd,MpJwZc,UUJqVe,sy7u,sOXFj,sy7t,s39S4,oGtAuc,NTMZac,nAFL3,sy8o,sy8n,q0xTif,y05UD,sy770,sy24h,sy1xf,sy17y,sy1xe,sy1xg,sy185,syu2,sy437,sy24j,sy1xp,sy18u,sy17x,sy17w,sy16z,sy184,sy1xo,sy1bx,sy18p,sy1xn,sy1t8,sy1xm,sy1xl,sy1xd,sy1xq,sy186,sy438,sy2rq,sy2w4,sy2aj,sy2ak,sy1yv,sy1xi,sy22z,sy1z1,sy1xv,sy1xt,sy230,sy222,sy223,sy1os,sy1ot,epYOx?xjs=s4:1207:596
_.K2a.prototype.oa@https://www.google.com/xjs/_/js/k=xjs.s.pt_PT.x29awVzpiHM.O/am=AAAAAAAAAAAAAAAAAAAAAAAAAAAAAAAAAABAAAAAAABASCAIAAAAFAcAAAEAAAAAAAAACAEAwAEAQAAcAEoIEAACEAAAUCAI4PefAAAAAAAAAAACMAEAAACACwAAFAQACBAAAAABAAAAQAEAAAAAAAAAAAAAAAAGIIB-AAAAAAAAAAAACAAAIGCA8AMACAABBAHgg4EAAIAAAAAA2gOA5wHDQQoPAAAAAAAAAAAAAABAABMEcyD9AQEQAAAAAAAAAAAAAAAAQErQicsTACAB/d=1/ed=1/dg=2/rs=ACT90oHftq-r5yd2TJkf8jr1dpnfLcHBHw/ee=ALeJib:B8gLwd;AfeaP:TkrAjf;BMxAGc:E5bFse;BgS6mb:fidj5d;BjwMce:cXX2Wb;CxXAWb:YyRLvc;DM55c:imLrKe;DULqB:RKfG5c;Dkk6ge:wJqrrd;DpcR3d:zL72xf;EABSZ:MXZt9d;ESrPQc:mNTJvc;EVNhjf:pw70Gc;EmZ2Bf:zr1jrb;EnlcNd:WeHg4;Erl4fe:FloWmf,FloWmf;F9mqte:UoRcbe;Fmv9Nc:O1Tzwc;G0KhTb:LIaoZ;G6wU6e:hezEbd;GleZL:J1A7Od;HMDDWe:G8QUdb;HoYVKb:PkDN7e;HqeXPd:cmbnH;IBADCc:RYquRb;IZrNqe:P8ha2c;IoGlCf:b5lhvb;IsdWVc:qzxzOb;JXS8fb:Qj0suc;JbMT3:M25sS;JsbNhc:Xd8iUd;KOxcK:OZqGte;KQzWid:ZMKkN;KcokUb:KiuZBf;KpRAue:Tia57b;LBgRLc:SdcwHb,XVMNvd;LEikZe:byfTOb,lsjVmc;LsNahb:ucGLNb;Me32dd:MEeYgc;NPKaK:SdcwHb;NSEoX:lazG7b;Np8Qkd:Dpx6qc;Nyt6ic:jn2sGd;OgagBe:cNTe0;Oj465e:KG2eXe,KG2eXe;OohIYe:mpEAQb;Pjplud:EEDORb,PoEs9b;PqHfGe:im2cZe;Q1Ow7b:x5CSu;Q6C5kf:pfdZCe;QGR0gd:Mlhmy;R2kc8b:ALJqWb;R4IIIb:QWfeKf;R9Ulx:CR7Ufe;RDNBlf:zPRCJb;SLtqO:Kh1xYe;SMDL4c:fTfGO,fTfGO;SNUn3:ZwDk9d,x8cHvb;ShpF6e:N0pvGc;TxfV6d:YORN0b;U96pRd:FsR04;UBKJZ:LGDJGb;UDrY1c:eps46d;UVmjEd:EesRsb;UyG7Kb:wQd0G;V2HTTe:RolTY;VGRfx:VFqbr;VN6jIc:ddQyuf;VOcgDe:YquhTb;VsAqSb:PGf2Re;VxQ32b:k0XsBb;WCEKNd:I46Hvd;WDGyFe:jcVOxd;Wfmdue:g3MJlb;XUezZ:sa7lqb;YV5bee:IvPZ6d;YkQtAf:rx8ur;ZMvdv:PHFPjb;ZSH6tc:QAvyLe;ZWEUA:afR4Cf;Zen4yb:jMF88c;a56pNe:JEfCwb;aAJE9c:WHW6Ef;aCJ9tf:qKftvc;aZ61od:arTwJ;af0EJf:ghinId;bDXwRe:UsyOtc;bFZ6gf:RsDQqe;bcPXSc:gSZLJb;cEt90b:ws9Tlc;cFTWae:gT8qnd;coJ8e:KvoW8;dIoSBb:ZgGg9b;dLlj2:Qqt3Gf;daB6be:lMxGPd;dtl0hd:lLQWFe;eBAeSb:Ck63tb;eBZ5Nd:VruDBd;eHDfl:ofjVkb;eO3lse:nFClrf;euOXY:OZjbQ;g8nkx:U4MzKc;gaub4:TN6bMe;gtVSi:ekUOYd;h3MYod:cEt90b;hK67qb:QWEO5b;heHB1:sFczq;hjRo6e:F62sG;hsLsYc:Vl118;iFQyKf:QIhFr,vfuNJf;imqimf:jKGL2e;io8t5d:sgY6Zb;jY0zg:Q6tNgc;k2Qxcb:XY51pe;kCQyJ:ueyPK;kMFpHd:OTA3Ae;kbAm9d:MkHyGd;lkq0A:JyBE3e;nAFL3:NTMZac,s39S4;nJw4Gd:dPFZH;oGtAuc:sOXFj;oSUNyd:fTfGO,fTfGO;oUlnpc:RagDlc;okUaUd:wItadb;pKJiXd:VCenhc;pNsl2d:j9Yuyc;pXdRYb:JKoKVe;pj82le:mg5CW;qGV2uc:HHi04c;qZx2Fc:j0xrE;qaS3gd:yiLg6e;qavrXe:zQzcXe;qddgKe:d7YSfd,x4FYXe;rQSrae:C6D5Fc;sP4Vbe:VwDzFe;sTsDMc:kHVSUb;sZmdvc:rdGEfc;tH4IIe:Ymry6;tosKvd:ZCqP3;trZL0b:qY8PFe;uY49fb:COQbmf;uknmt:GkPrzb;uuQkY:u2V3ud;vGrMZ:lPJJ0c;vfVwPd:lcrkwe;w3bZCb:ZPGaIb;w4rSdf:XKiZ9;w9w86d:dt4g2b;wQlYve:aLUfP;wR5FRb:O1Gjze,TtcOte;wV5Pjc:L8KGxe;whEZac:F4AmNb;xBbsrc:NEW1Qc;xbe2wc:wbTLEd;ysNiMc:CpIBjd;yxTchf:KUM7Z;z97YGf:oug9te;zOsCQe:Ko78Df;zaIgPb:Qtpxbd/m=attn,cdos,gwc,hsm,jsa,mb4ZUb,d,csi,cEt90b,SNUn3,qddgKe,sTsDMc,dtl0hd,eHDfl:1046:457
J2a.prototype.execute@https://www.google.com/xjs/_/js/k=xjs.s.pt_PT.x29awVzpiHM.O/am=AAAAAAAAAAAAAAAAAAAAAAAAAAAAAAAAAABAAAAAAABASCAIAAAAFAcAAAEAAAAAAAAACAEAwAEAQAAcAEoIEAACEAAAUCAI4PefAAAAAAAAAAACMAEAAACACwAAFAQACBAAAAABAAAAQAEAAAAAAAAAAAAAAAAGIIB-AAAAAAAAAAAACAAAIGCA8AMACAABBAHgg4EAAIAAAAAA2gOA5wHDQQoPAAAAAAAAAAAAAABAABMEcyD9AQEQAAAAAAAAAAAAAAAAQErQicsTACAB/d=1/ed=1/dg=2/rs=ACT90oHftq-r5yd2TJkf8jr1dpnfLcHBHw/ee=ALeJib:B8gLwd;AfeaP:TkrAjf;BMxAGc:E5bFse;BgS6mb:fidj5d;BjwMce:cXX2Wb;CxXAWb:YyRLvc;DM55c:imLrKe;DULqB:RKfG5c;Dkk6ge:wJqrrd;DpcR3d:zL72xf;EABSZ:MXZt9d;ESrPQc:mNTJvc;EVNhjf:pw70Gc;EmZ2Bf:zr1jrb;EnlcNd:WeHg4;Erl4fe:FloWmf,FloWmf;F9mqte:UoRcbe;Fmv9Nc:O1Tzwc;G0KhTb:LIaoZ;G6wU6e:hezEbd;GleZL:J1A7Od;HMDDWe:G8QUdb;HoYVKb:PkDN7e;HqeXPd:cmbnH;IBADCc:RYquRb;IZrNqe:P8ha2c;IoGlCf:b5lhvb;IsdWVc:qzxzOb;JXS8fb:Qj0suc;JbMT3:M25sS;JsbNhc:Xd8iUd;KOxcK:OZqGte;KQzWid:ZMKkN;KcokUb:KiuZBf;KpRAue:Tia57b;LBgRLc:SdcwHb,XVMNvd;LEikZe:byfTOb,lsjVmc;LsNahb:ucGLNb;Me32dd:MEeYgc;NPKaK:SdcwHb;NSEoX:lazG7b;Np8Qkd:Dpx6qc;Nyt6ic:jn2sGd;OgagBe:cNTe0;Oj465e:KG2eXe,KG2eXe;OohIYe:mpEAQb;Pjplud:EEDORb,PoEs9b;PqHfGe:im2cZe;Q1Ow7b:x5CSu;Q6C5kf:pfdZCe;QGR0gd:Mlhmy;R2kc8b:ALJqWb;R4IIIb:QWfeKf;R9Ulx:CR7Ufe;RDNBlf:zPRCJb;SLtqO:Kh1xYe;SMDL4c:fTfGO,fTfGO;SNUn3:ZwDk9d,x8cHvb;ShpF6e:N0pvGc;TxfV6d:YORN0b;U96pRd:FsR04;UBKJZ:LGDJGb;UDrY1c:eps46d;UVmjEd:EesRsb;UyG7Kb:wQd0G;V2HTTe:RolTY;VGRfx:VFqbr;VN6jIc:ddQyuf;VOcgDe:YquhTb;VsAqSb:PGf2Re;VxQ32b:k0XsBb;WCEKNd:I46Hvd;WDGyFe:jcVOxd;Wfmdue:g3MJlb;XUezZ:sa7lqb;YV5bee:IvPZ6d;YkQtAf:rx8ur;ZMvdv:PHFPjb;ZSH6tc:QAvyLe;ZWEUA:afR4Cf;Zen4yb:jMF88c;a56pNe:JEfCwb;aAJE9c:WHW6Ef;aCJ9tf:qKftvc;aZ61od:arTwJ;af0EJf:ghinId;bDXwRe:UsyOtc;bFZ6gf:RsDQqe;bcPXSc:gSZLJb;cEt90b:ws9Tlc;cFTWae:gT8qnd;coJ8e:KvoW8;dIoSBb:ZgGg9b;dLlj2:Qqt3Gf;daB6be:lMxGPd;dtl0hd:lLQWFe;eBAeSb:Ck63tb;eBZ5Nd:VruDBd;eHDfl:ofjVkb;eO3lse:nFClrf;euOXY:OZjbQ;g8nkx:U4MzKc;gaub4:TN6bMe;gtVSi:ekUOYd;h3MYod:cEt90b;hK67qb:QWEO5b;heHB1:sFczq;hjRo6e:F62sG;hsLsYc:Vl118;iFQyKf:QIhFr,vfuNJf;imqimf:jKGL2e;io8t5d:sgY6Zb;jY0zg:Q6tNgc;k2Qxcb:XY51pe;kCQyJ:ueyPK;kMFpHd:OTA3Ae;kbAm9d:MkHyGd;lkq0A:JyBE3e;nAFL3:NTMZac,s39S4;nJw4Gd:dPFZH;oGtAuc:sOXFj;oSUNyd:fTfGO,fTfGO;oUlnpc:RagDlc;okUaUd:wItadb;pKJiXd:VCenhc;pNsl2d:j9Yuyc;pXdRYb:JKoKVe;pj82le:mg5CW;qGV2uc:HHi04c;qZx2Fc:j0xrE;qaS3gd:yiLg6e;qavrXe:zQzcXe;qddgKe:d7YSfd,x4FYXe;rQSrae:C6D5Fc;sP4Vbe:VwDzFe;sTsDMc:kHVSUb;sZmdvc:rdGEfc;tH4IIe:Ymry6;tosKvd:ZCqP3;trZL0b:qY8PFe;uY49fb:COQbmf;uknmt:GkPrzb;uuQkY:u2V3ud;vGrMZ:lPJJ0c;vfVwPd:lcrkwe;w3bZCb:ZPGaIb;w4rSdf:XKiZ9;w9w86d:dt4g2b;wQlYve:aLUfP;wR5FRb:O1Gjze,TtcOte;wV5Pjc:L8KGxe;whEZac:F4AmNb;xBbsrc:NEW1Qc;xbe2wc:wbTLEd;ysNiMc:CpIBjd;yxTchf:KUM7Z;z97YGf:oug9te;zOsCQe:Ko78Df;zaIgPb:Qtpxbd/m=attn,cdos,gwc,hsm,jsa,mb4ZUb,d,csi,cEt90b,SNUn3,qddgKe,sTsDMc,dtl0hd,eHDfl:1045:3895
I7a/<@https://www.google.com/xjs/_/js/k=xjs.s.pt_PT.x29awVzpiHM.O/am=AAAAAAAAAAAAAAAAAAAAAAAAAAAAAAAAAABAAAAAAABASCAIAAAAFAcAAAEAAAAAAAAACAEAwAEAQAAcAEoIEAACEAAAUCAI4PefAAAAAAAAAAACMAEAAACACwAAFAQACBAAAAABAAAAQAEAAAAAAAAAAAAAAAAGIIB-AAAAAAAAAAAACAAAIGCA8AMACAABBAHgg4EAAIAAAAAA2gOA5wHDQQoPAAAAAAAAAAAAAABAABMEcyD9AQEQAAAAAAAAAAAAAAAAQErQicsTACAB/d=1/ed=1/dg=2/rs=ACT90oHftq-r5yd2TJkf8jr1dpnfLcHBHw/ee=ALeJib:B8gLwd;AfeaP:TkrAjf;BMxAGc:E5bFse;BgS6mb:fidj5d;BjwMce:cXX2Wb;CxXAWb:YyRLvc;DM55c:imLrKe;DULqB:RKfG5c;Dkk6ge:wJqrrd;DpcR3d:zL72xf;EABSZ:MXZt9d;ESrPQc:mNTJvc;EVNhjf:pw70Gc;EmZ2Bf:zr1jrb;EnlcNd:WeHg4;Erl4fe:FloWmf,FloWmf;F9mqte:UoRcbe;Fmv9Nc:O1Tzwc;G0KhTb:LIaoZ;G6wU6e:hezEbd;GleZL:J1A7Od;HMDDWe:G8QUdb;HoYVKb:PkDN7e;HqeXPd:cmbnH;IBADCc:RYquRb;IZrNqe:P8ha2c;IoGlCf:b5lhvb;IsdWVc:qzxzOb;JXS8fb:Qj0suc;JbMT3:M25sS;JsbNhc:Xd8iUd;KOxcK:OZqGte;KQzWid:ZMKkN;KcokUb:KiuZBf;KpRAue:Tia57b;LBgRLc:SdcwHb,XVMNvd;LEikZe:byfTOb,lsjVmc;LsNahb:ucGLNb;Me32dd:MEeYgc;NPKaK:SdcwHb;NSEoX:lazG7b;Np8Qkd:Dpx6qc;Nyt6ic:jn2sGd;OgagBe:cNTe0;Oj465e:KG2eXe,KG2eXe;OohIYe:mpEAQb;Pjplud:EEDORb,PoEs9b;PqHfGe:im2cZe;Q1Ow7b:x5CSu;Q6C5kf:pfdZCe;QGR0gd:Mlhmy;R2kc8b:ALJqWb;R4IIIb:QWfeKf;R9Ulx:CR7Ufe;RDNBlf:zPRCJb;SLtqO:Kh1xYe;SMDL4c:fTfGO,fTfGO;SNUn3:ZwDk9d,x8cHvb;ShpF6e:N0pvGc;TxfV6d:YORN0b;U96pRd:FsR04;UBKJZ:LGDJGb;UDrY1c:eps46d;UVmjEd:EesRsb;UyG7Kb:wQd0G;V2HTTe:RolTY;VGRfx:VFqbr;VN6jIc:ddQyuf;VOcgDe:YquhTb;VsAqSb:PGf2Re;VxQ32b:k0XsBb;WCEKNd:I46Hvd;WDGyFe:jcVOxd;Wfmdue:g3MJlb;XUezZ:sa7lqb;YV5bee:IvPZ6d;YkQtAf:rx8ur;ZMvdv:PHFPjb;ZSH6tc:QAvyLe;ZWEUA:afR4Cf;Zen4yb:jMF88c;a56pNe:JEfCwb;aAJE9c:WHW6Ef;aCJ9tf:qKftvc;aZ61od:arTwJ;af0EJf:ghinId;bDXwRe:UsyOtc;bFZ6gf:RsDQqe;bcPXSc:gSZLJb;cEt90b:ws9Tlc;cFTWae:gT8qnd;coJ8e:KvoW8;dIoSBb:ZgGg9b;dLlj2:Qqt3Gf;daB6be:lMxGPd;dtl0hd:lLQWFe;eBAeSb:Ck63tb;eBZ5Nd:VruDBd;eHDfl:ofjVkb;eO3lse:nFClrf;euOXY:OZjbQ;g8nkx:U4MzKc;gaub4:TN6bMe;gtVSi:ekUOYd;h3MYod:cEt90b;hK67qb:QWEO5b;heHB1:sFczq;hjRo6e:F62sG;hsLsYc:Vl118;iFQyKf:QIhFr,vfuNJf;imqimf:jKGL2e;io8t5d:sgY6Zb;jY0zg:Q6tNgc;k2Qxcb:XY51pe;kCQyJ:ueyPK;kMFpHd:OTA3Ae;kbAm9d:MkHyGd;lkq0A:JyBE3e;nAFL3:NTMZac,s39S4;nJw4Gd:dPFZH;oGtAuc:sOXFj;oSUNyd:fTfGO,fTfGO;oUlnpc:RagDlc;okUaUd:wItadb;pKJiXd:VCenhc;pNsl2d:j9Yuyc;pXdRYb:JKoKVe;pj82le:mg5CW;qGV2uc:HHi04c;qZx2Fc:j0xrE;qaS3gd:yiLg6e;qavrXe:zQzcXe;qddgKe:d7YSfd,x4FYXe;rQSrae:C6D5Fc;sP4Vbe:VwDzFe;sTsDMc:kHVSUb;sZmdvc:rdGEfc;tH4IIe:Ymry6;tosKvd:ZCqP3;trZL0b:qY8PFe;uY49fb:COQbmf;uknmt:GkPrzb;uuQkY:u2V3ud;vGrMZ:lPJJ0c;vfVwPd:lcrkwe;w3bZCb:ZPGaIb;w4rSdf:XKiZ9;w9w86d:dt4g2b;wQlYve:aLUfP;wR5FRb:O1Gjze,TtcOte;wV5Pjc:L8KGxe;whEZac:F4AmNb;xBbsrc:NEW1Qc;xbe2wc:wbTLEd;ysNiMc:CpIBjd;yxTchf:KUM7Z;z97YGf:oug9te;zOsCQe:Ko78Df;zaIgPb:Qtpxbd/m=attn,cdos,gwc,hsm,jsa,mb4ZUb,d,csi,cEt90b,SNUn3,qddgKe,sTsDMc,dtl0hd,eHDfl:1108:203
_.Xl.izf/b.port1.onmessage@https://www.google.com/xjs/_/js/k=xjs.s.pt_PT.x29awVzpiHM.O/am=AAAAAAAAAAAAAAAAAAAAAAAAAAAAAAAAAABAAAAAAABASCAIAAAAFAcAAAEAAAAAAAAACAEAwAEAQAAcAEoIEAACEAAAUCAI4PefAAAAAAAAAAACMAEAAACACwAAFAQACBAAAAABAAAAQAEAAAAAAAAAAAAAAAAGIIB-AAAAAAAAAAAACAAAIGCA8AMACAABBAHgg4EAAIAAAAAA2gOA5wHDQQoPAAAAAAAAAAAAAABAABMEcyD9AQEQAAAAAAAAAAAAAAAAQErQicsTACAB/d=1/ed=1/dg=2/rs=ACT90oHftq-r5yd2TJkf8jr1dpnfLcHBHw/ee=ALeJib:B8gLwd;AfeaP:TkrAjf;BMxAGc:E5bFse;BgS6mb:fidj5d;BjwMce:cXX2Wb;CxXAWb:YyRLvc;DM55c:imLrKe;DULqB:RKfG5c;Dkk6ge:wJqrrd;DpcR3d:zL72xf;EABSZ:MXZt9d;ESrPQc:mNTJvc;EVNhjf:pw70Gc;EmZ2Bf:zr1jrb;EnlcNd:WeHg4;Erl4fe:FloWmf,FloWmf;F9mqte:UoRcbe;Fmv9Nc:O1Tzwc;G0KhTb:LIaoZ;G6wU6e:hezEbd;GleZL:J1A7Od;HMDDWe:G8QUdb;HoYVKb:PkDN7e;HqeXPd:cmbnH;IBADCc:RYquRb;IZrNqe:P8ha2c;IoGlCf:b5lhvb;IsdWVc:qzxzOb;JXS8fb:Qj0suc;JbMT3:M25sS;JsbNhc:Xd8iUd;KOxcK:OZqGte;KQzWid:ZMKkN;KcokUb:KiuZBf;KpRAue:Tia57b;LBgRLc:SdcwHb,XVMNvd;LEikZe:byfTOb,lsjVmc;LsNahb:ucGLNb;Me32dd:MEeYgc;NPKaK:SdcwHb;NSEoX:lazG7b;Np8Qkd:Dpx6qc;Nyt6ic:jn2sGd;OgagBe:cNTe0;Oj465e:KG2eXe,KG2eXe;OohIYe:mpEAQb;Pjplud:EEDORb,PoEs9b;PqHfGe:im2cZe;Q1Ow7b:x5CSu;Q6C5kf:pfdZCe;QGR0gd:Mlhmy;R2kc8b:ALJqWb;R4IIIb:QWfeKf;R9Ulx:CR7Ufe;RDNBlf:zPRCJb;SLtqO:Kh1xYe;SMDL4c:fTfGO,fTfGO;SNUn3:ZwDk9d,x8cHvb;ShpF6e:N0pvGc;TxfV6d:YORN0b;U96pRd:FsR04;UBKJZ:LGDJGb;UDrY1c:eps46d;UVmjEd:EesRsb;UyG7Kb:wQd0G;V2HTTe:RolTY;VGRfx:VFqbr;VN6jIc:ddQyuf;VOcgDe:YquhTb;VsAqSb:PGf2Re;VxQ32b:k0XsBb;WCEKNd:I46Hvd;WDGyFe:jcVOxd;Wfmdue:g3MJlb;XUezZ:sa7lqb;YV5bee:IvPZ6d;YkQtAf:rx8ur;ZMvdv:PHFPjb;ZSH6tc:QAvyLe;ZWEUA:afR4Cf;Zen4yb:jMF88c;a56pNe:JEfCwb;aAJE9c:WHW6Ef;aCJ9tf:qKftvc;aZ61od:arTwJ;af0EJf:ghinId;bDXwRe:UsyOtc;bFZ6gf:RsDQqe;bcPXSc:gSZLJb;cEt90b:ws9Tlc;cFTWae:gT8qnd;coJ8e:KvoW8;dIoSBb:ZgGg9b;dLlj2:Qqt3Gf;daB6be:lMxGPd;dtl0hd:lLQWFe;eBAeSb:Ck63tb;eBZ5Nd:VruDBd;eHDfl:ofjVkb;eO3lse:nFClrf;euOXY:OZjbQ;g8nkx:U4MzKc;gaub4:TN6bMe;gtVSi:ekUOYd;h3MYod:cEt90b;hK67qb:QWEO5b;heHB1:sFczq;hjRo6e:F62sG;hsLsYc:Vl118;iFQyKf:QIhFr,vfuNJf;imqimf:jKGL2e;io8t5d:sgY6Zb;jY0zg:Q6tNgc;k2Qxcb:XY51pe;kCQyJ:ueyPK;kMFpHd:OTA3Ae;kbAm9d:MkHyGd;lkq0A:JyBE3e;nAFL3:NTMZac,s39S4;nJw4Gd:dPFZH;oGtAuc:sOXFj;oSUNyd:fTfGO,fTfGO;oUlnpc:RagDlc;okUaUd:wItadb;pKJiXd:VCenhc;pNsl2d:j9Yuyc;pXdRYb:JKoKVe;pj82le:mg5CW;qGV2uc:HHi04c;qZx2Fc:j0xrE;qaS3gd:yiLg6e;qavrXe:zQzcXe;qddgKe:d7YSfd,x4FYXe;rQSrae:C6D5Fc;sP4Vbe:VwDzFe;sTsDMc:kHVSUb;sZmdvc:rdGEfc;tH4IIe:Ymry6;tosKvd:ZCqP3;trZL0b:qY8PFe;uY49fb:COQbmf;uknmt:GkPrzb;uuQkY:u2V3ud;vGrMZ:lPJJ0c;vfVwPd:lcrkwe;w3bZCb:ZPGaIb;w4rSdf:XKiZ9;w9w86d:dt4g2b;wQlYve:aLUfP;wR5FRb:O1Gjze,TtcOte;wV5Pjc:L8KGxe;whEZac:F4AmNb;xBbsrc:NEW1Qc;xbe2wc:wbTLEd;ysNiMc:CpIBjd;yxTchf:KUM7Z;z97YGf:oug9te;zOsCQe:Ko78Df;zaIgPb:Qtpxbd/m=attn,cdos,gwc,hsm,jsa,mb4ZUb,d,csi,cEt90b,SNUn3,qddgKe,sTsDMc,dtl0hd,eHDfl:521:241

Dynamically enable window occlusion 1
1719001437136	geckodriver	INFO	Listening on 127.0.0.1:56506
1719001440213	mozrunner::runner	INFO	Running command: "C:\\Program Files\\Mozilla Firefox\\firefox.exe" "--marionette" "-no-remote" "-profile" "C:\\Users\\matutino\\AppData\\Local\\Temp\\rust_mozprofiletElrDc"
console.warn: services.settings: Ignoring preference override of remote settings server
console.warn: services.settings: Allow by setting MOZ_REMOTE_SETTINGS_DEVTOOLS=1 in the environment
1719001444600	Marionette	INFO	Marionette enabled
Dynamically enable window occlusion 0
1719001445187	Marionette	INFO	Listening on port 56520
Read port: 56520
1719001445416	RemoteAgent	WARN	TLS certificate errors will be ignored for this session
1719001476318	addons.xpi	ERROR	System addon update list error SyntaxError: XMLHttpRequest.open: 'http://%(server)s/dummy-system-addons.xml' is not a valid URL.
1719001537550	geckodriver	INFO	Listening on 127.0.0.1:56568
1719001540660	mozrunner::runner	INFO	Running command: "C:\\Program Files\\Mozilla Firefox\\firefox.exe" "--marionette" "-no-remote" "-profile" "C:\\Users\\matutino\\AppData\\Local\\Temp\\rust_mozprofilex4jRQC"
console.warn: services.settings: Ignoring preference override of remote settings server
console.warn: services.settings: Allow by setting MOZ_REMOTE_SETTINGS_DEVTOOLS=1 in the environment
1719001544693	Marionette	INFO	Marionette enabled
Dynamically enable window occlusion 0
1719001545017	Marionette	INFO	Listening on port 56578
Read port: 56578
1719001545188	RemoteAgent	WARN	TLS certificate errors will be ignored for this session
1719001553819	Marionette	INFO	Stopped listening on port 56578
Dynamically enable window occlusion 1
1719001698190	geckodriver	INFO	Listening on 127.0.0.1:56629
1719001701274	mozrunner::runner	INFO	Running command: "C:\\Program Files\\Mozilla Firefox\\firefox.exe" "--marionette" "-no-remote" "-profile" "C:\\Users\\matutino\\AppData\\Local\\Temp\\rust_mozprofileRpqcx6"
console.warn: services.settings: Ignoring preference override of remote settings server
console.warn: services.settings: Allow by setting MOZ_REMOTE_SETTINGS_DEVTOOLS=1 in the environment
1719001705236	Marionette	INFO	Marionette enabled
Dynamically enable window occlusion 0
1719001705574	Marionette	INFO	Listening on port 56639
Read port: 56639
1719001705739	RemoteAgent	WARN	TLS certificate errors will be ignored for this session
1719001715579	Marionette	INFO	Stopped listening on port 56639
Dynamically enable window occlusion 1
1719001808386	geckodriver	INFO	Listening on 127.0.0.1:56688
1719001811483	mozrunner::runner	INFO	Running command: "C:\\Program Files\\Mozilla Firefox\\firefox.exe" "--marionette" "-no-remote" "-profile" "C:\\Users\\matutino\\AppData\\Local\\Temp\\rust_mozprofiledWgGYI"
console.warn: services.settings: Ignoring preference override of remote settings server
console.warn: services.settings: Allow by setting MOZ_REMOTE_SETTINGS_DEVTOOLS=1 in the environment
1719001814984	Marionette	INFO	Marionette enabled
Dynamically enable window occlusion 0
1719001815321	Marionette	INFO	Listening on port 56698
Read port: 56698
1719001815485	RemoteAgent	WARN	TLS certificate errors will be ignored for this session
1719001824642	Marionette	INFO	Stopped listening on port 56698
Dynamically enable window occlusion 1
1719001864090	geckodriver	INFO	Listening on 127.0.0.1:56743
1719001867163	mozrunner::runner	INFO	Running command: "C:\\Program Files\\Mozilla Firefox\\firefox.exe" "--marionette" "-no-remote" "-profile" "C:\\Users\\matutino\\AppData\\Local\\Temp\\rust_mozprofileOv4wxd"
console.warn: services.settings: Ignoring preference override of remote settings server
console.warn: services.settings: Allow by setting MOZ_REMOTE_SETTINGS_DEVTOOLS=1 in the environment
1719001871055	Marionette	INFO	Marionette enabled
Dynamically enable window occlusion 0
1719001871378	Marionette	INFO	Listening on port 56753
Read port: 56753
1719001871523	RemoteAgent	WARN	TLS certificate errors will be ignored for this session
1719001881372	Marionette	INFO	Stopped listening on port 56753
Dynamically enable window occlusion 1
1719002086953	geckodriver	INFO	Listening on 127.0.0.1:56811
1719002090045	mozrunner::runner	INFO	Running command: "C:\\Program Files\\Mozilla Firefox\\firefox.exe" "--marionette" "-no-remote" "-profile" "C:\\Users\\matutino\\AppData\\Local\\Temp\\rust_mozprofileMbbjOP"
console.warn: services.settings: Ignoring preference override of remote settings server
console.warn: services.settings: Allow by setting MOZ_REMOTE_SETTINGS_DEVTOOLS=1 in the environment
1719002093802	Marionette	INFO	Marionette enabled
Dynamically enable window occlusion 0
1719002094138	Marionette	INFO	Listening on port 56821
Read port: 56821
1719002094318	RemoteAgent	WARN	TLS certificate errors will be ignored for this session
1719002112277	Marionette	INFO	Stopped listening on port 56821
Dynamically enable window occlusion 1
